[0.504s] Invoking command in '/home/fadlan/Documents/EKF_TES/ekf_tf_bringup': PYTHONPATH=/home/fadlan/Documents/EKF_TES/build/ekf_tf_bringup/prefix_override:/usr/lib/python3/dist-packages/colcon_core/task/python/colcon_distutils_commands:/home/fadlan/Documents/EKF_TES/install/ekf_tf_bringup/lib/python3.10/site-packages:${PYTHONPATH} /usr/bin/python3 -W ignore:setup.py install is deprecated -W ignore:easy_install command is deprecated setup.py egg_info --egg-base ../build/ekf_tf_bringup build --build-base /home/fadlan/Documents/EKF_TES/build/ekf_tf_bringup/build install --record /home/fadlan/Documents/EKF_TES/build/ekf_tf_bringup/install.log --single-version-externally-managed install_data
[0.697s] running egg_info
[0.697s] writing ../build/ekf_tf_bringup/ekf_tf_bringup.egg-info/PKG-INFO
[0.698s] writing dependency_links to ../build/ekf_tf_bringup/ekf_tf_bringup.egg-info/dependency_links.txt
[0.698s] writing entry points to ../build/ekf_tf_bringup/ekf_tf_bringup.egg-info/entry_points.txt
[0.698s] writing requirements to ../build/ekf_tf_bringup/ekf_tf_bringup.egg-info/requires.txt
[0.698s] writing top-level names to ../build/ekf_tf_bringup/ekf_tf_bringup.egg-info/top_level.txt
[0.699s] reading manifest file '../build/ekf_tf_bringup/ekf_tf_bringup.egg-info/SOURCES.txt'
[0.700s] writing manifest file '../build/ekf_tf_bringup/ekf_tf_bringup.egg-info/SOURCES.txt'
[0.700s] running build
[0.700s] running build_py
[0.700s] running install
[0.700s] running install_lib
[0.701s] running install_data
[0.701s] copying launch/tf_launch.py -> /home/fadlan/Documents/EKF_TES/install/ekf_tf_bringup/share/ekf_tf_bringup/launch
[0.701s] creating /home/fadlan/Documents/EKF_TES/install/ekf_tf_bringup/share/ekf_tf_bringup/map
[0.702s] copying map/TES.yaml -> /home/fadlan/Documents/EKF_TES/install/ekf_tf_bringup/share/ekf_tf_bringup/map
[0.702s] copying map/nav2_params.yaml -> /home/fadlan/Documents/EKF_TES/install/ekf_tf_bringup/share/ekf_tf_bringup/map
[0.702s] copying map/nav2_command.txt -> /home/fadlan/Documents/EKF_TES/install/ekf_tf_bringup/share/ekf_tf_bringup/map
[0.702s] copying map/TES.pgm -> /home/fadlan/Documents/EKF_TES/install/ekf_tf_bringup/share/ekf_tf_bringup/map
[0.702s] running install_egg_info
[0.703s] removing '/home/fadlan/Documents/EKF_TES/install/ekf_tf_bringup/lib/python3.10/site-packages/ekf_tf_bringup-0.0.0-py3.10.egg-info' (and everything under it)
[0.704s] Copying ../build/ekf_tf_bringup/ekf_tf_bringup.egg-info to /home/fadlan/Documents/EKF_TES/install/ekf_tf_bringup/lib/python3.10/site-packages/ekf_tf_bringup-0.0.0-py3.10.egg-info
[0.704s] running install_scripts
[0.721s] writing list of installed files to '/home/fadlan/Documents/EKF_TES/build/ekf_tf_bringup/install.log'
[0.746s] Invoked command in '/home/fadlan/Documents/EKF_TES/ekf_tf_bringup' returned '0': PYTHONPATH=/home/fadlan/Documents/EKF_TES/build/ekf_tf_bringup/prefix_override:/usr/lib/python3/dist-packages/colcon_core/task/python/colcon_distutils_commands:/home/fadlan/Documents/EKF_TES/install/ekf_tf_bringup/lib/python3.10/site-packages:${PYTHONPATH} /usr/bin/python3 -W ignore:setup.py install is deprecated -W ignore:easy_install command is deprecated setup.py egg_info --egg-base ../build/ekf_tf_bringup build --build-base /home/fadlan/Documents/EKF_TES/build/ekf_tf_bringup/build install --record /home/fadlan/Documents/EKF_TES/build/ekf_tf_bringup/install.log --single-version-externally-managed install_data
