[0.313s] DEBUG:colcon:Command line arguments: ['/usr/bin/colcon', 'build']
[0.314s] DEBUG:colcon:Parsed command line arguments: Namespace(log_base=None, log_level=None, verb_name='build', build_base='build', install_base='install', merge_install=False, symlink_install=False, test_result_base=None, continue_on_error=False, executor='parallel', parallel_workers=6, event_handlers=None, ignore_user_meta=False, metas=['./colcon.meta'], base_paths=['.'], packages_ignore=None, packages_ignore_regex=None, paths=None, packages_up_to=None, packages_up_to_regex=None, packages_above=None, packages_above_and_dependencies=None, packages_above_depth=None, packages_select_by_dep=None, packages_skip_by_dep=None, packages_skip_up_to=None, packages_select_build_failed=False, packages_skip_build_finished=False, packages_select_test_failures=False, packages_skip_test_passed=False, packages_select=None, packages_skip=None, packages_select_regex=None, packages_skip_regex=None, packages_start=None, packages_end=None, allow_overriding=[], cmake_args=None, cmake_target=None, cmake_target_skip_unavailable=False, cmake_clean_cache=False, cmake_clean_first=False, cmake_force_configure=False, ament_cmake_args=None, catkin_cmake_args=None, catkin_skip_building_tests=False, mixin_files=None, mixin=None, verb_parser=<colcon_mixin.mixin.mixin_argument.MixinArgumentDecorator object at 0xffffa8b919f0>, verb_extension=<colcon_core.verb.build.BuildVerb object at 0xffffa8d72920>, main=<bound method BuildVerb.main of <colcon_core.verb.build.BuildVerb object at 0xffffa8d72920>>, mixin_verb=('build',))
[0.856s] Level 1:colcon.colcon_core.package_discovery:discover_packages(colcon_meta) check parameters
[0.856s] Level 1:colcon.colcon_core.package_discovery:discover_packages(recursive) check parameters
[0.856s] Level 1:colcon.colcon_core.package_discovery:discover_packages(ignore) check parameters
[0.856s] Level 1:colcon.colcon_core.package_discovery:discover_packages(path) check parameters
[0.856s] Level 1:colcon.colcon_core.package_discovery:discover_packages(colcon_meta) discover
[0.857s] Level 1:colcon.colcon_core.package_discovery:discover_packages(recursive) discover
[0.857s] INFO:colcon.colcon_core.package_discovery:Crawling recursively for packages in '/home/heroes/Workspace/ekf_tes'
[0.857s] Level 1:colcon.colcon_core.package_identification:_identify(.) by extensions ['ignore', 'ignore_ament_install']
[0.857s] Level 1:colcon.colcon_core.package_identification:_identify(.) by extension 'ignore'
[0.857s] Level 1:colcon.colcon_core.package_identification:_identify(.) by extension 'ignore_ament_install'
[0.858s] Level 1:colcon.colcon_core.package_identification:_identify(.) by extensions ['colcon_pkg']
[0.858s] Level 1:colcon.colcon_core.package_identification:_identify(.) by extension 'colcon_pkg'
[0.858s] Level 1:colcon.colcon_core.package_identification:_identify(.) by extensions ['colcon_meta']
[0.858s] Level 1:colcon.colcon_core.package_identification:_identify(.) by extension 'colcon_meta'
[0.858s] Level 1:colcon.colcon_core.package_identification:_identify(.) by extensions ['ros']
[0.858s] Level 1:colcon.colcon_core.package_identification:_identify(.) by extension 'ros'
[0.886s] Level 1:colcon.colcon_core.package_identification:_identify(.) by extensions ['cmake', 'python']
[0.886s] Level 1:colcon.colcon_core.package_identification:_identify(.) by extension 'cmake'
[0.886s] Level 1:colcon.colcon_core.package_identification:_identify(.) by extension 'python'
[0.886s] Level 1:colcon.colcon_core.package_identification:_identify(.) by extensions ['python_setup_py']
[0.886s] Level 1:colcon.colcon_core.package_identification:_identify(.) by extension 'python_setup_py'
[0.887s] Level 1:colcon.colcon_core.package_identification:_identify(build) by extensions ['ignore', 'ignore_ament_install']
[0.887s] Level 1:colcon.colcon_core.package_identification:_identify(build) by extension 'ignore'
[0.887s] Level 1:colcon.colcon_core.package_identification:_identify(build) ignored
[0.887s] Level 1:colcon.colcon_core.package_identification:_identify(ekf_tf_bringup) by extensions ['ignore', 'ignore_ament_install']
[0.887s] Level 1:colcon.colcon_core.package_identification:_identify(ekf_tf_bringup) by extension 'ignore'
[0.888s] Level 1:colcon.colcon_core.package_identification:_identify(ekf_tf_bringup) by extension 'ignore_ament_install'
[0.888s] Level 1:colcon.colcon_core.package_identification:_identify(ekf_tf_bringup) by extensions ['colcon_pkg']
[0.888s] Level 1:colcon.colcon_core.package_identification:_identify(ekf_tf_bringup) by extension 'colcon_pkg'
[0.888s] Level 1:colcon.colcon_core.package_identification:_identify(ekf_tf_bringup) by extensions ['colcon_meta']
[0.888s] Level 1:colcon.colcon_core.package_identification:_identify(ekf_tf_bringup) by extension 'colcon_meta'
[0.888s] Level 1:colcon.colcon_core.package_identification:_identify(ekf_tf_bringup) by extensions ['ros']
[0.888s] Level 1:colcon.colcon_core.package_identification:_identify(ekf_tf_bringup) by extension 'ros'
[0.894s] DEBUG:colcon.colcon_core.package_identification:Package 'ekf_tf_bringup' with type 'ros.ament_python' and name 'ekf_tf_bringup'
[0.895s] Level 1:colcon.colcon_core.package_identification:_identify(install) by extensions ['ignore', 'ignore_ament_install']
[0.895s] Level 1:colcon.colcon_core.package_identification:_identify(install) by extension 'ignore'
[0.895s] Level 1:colcon.colcon_core.package_identification:_identify(install) ignored
[0.896s] Level 1:colcon.colcon_core.package_identification:_identify(log) by extensions ['ignore', 'ignore_ament_install']
[0.896s] Level 1:colcon.colcon_core.package_identification:_identify(log) by extension 'ignore'
[0.896s] Level 1:colcon.colcon_core.package_identification:_identify(log) ignored
[0.896s] Level 1:colcon.colcon_core.package_discovery:discover_packages(recursive) using defaults
[0.896s] Level 1:colcon.colcon_core.package_discovery:discover_packages(ignore) discover
[0.896s] Level 1:colcon.colcon_core.package_discovery:discover_packages(ignore) using defaults
[0.896s] Level 1:colcon.colcon_core.package_discovery:discover_packages(path) discover
[0.896s] Level 1:colcon.colcon_core.package_discovery:discover_packages(path) using defaults
[0.993s] Level 1:colcon.colcon_core.package_discovery:discover_packages(prefix_path) check parameters
[0.994s] Level 1:colcon.colcon_core.package_discovery:discover_packages(prefix_path) discover
[1.005s] DEBUG:colcon.colcon_installed_package_information.package_discovery:Found 39 installed packages in /home/heroes/microros_ws/install
[1.009s] DEBUG:colcon.colcon_installed_package_information.package_discovery:Found 338 installed packages in /opt/ros/humble
[1.015s] Level 1:colcon.colcon_core.package_discovery:discover_packages(prefix_path) using defaults
[1.138s] Level 5:colcon.colcon_core.verb:set package 'ekf_tf_bringup' build argument 'cmake_args' from command line to 'None'
[1.138s] Level 5:colcon.colcon_core.verb:set package 'ekf_tf_bringup' build argument 'cmake_target' from command line to 'None'
[1.138s] Level 5:colcon.colcon_core.verb:set package 'ekf_tf_bringup' build argument 'cmake_target_skip_unavailable' from command line to 'False'
[1.138s] Level 5:colcon.colcon_core.verb:set package 'ekf_tf_bringup' build argument 'cmake_clean_cache' from command line to 'False'
[1.138s] Level 5:colcon.colcon_core.verb:set package 'ekf_tf_bringup' build argument 'cmake_clean_first' from command line to 'False'
[1.138s] Level 5:colcon.colcon_core.verb:set package 'ekf_tf_bringup' build argument 'cmake_force_configure' from command line to 'False'
[1.138s] Level 5:colcon.colcon_core.verb:set package 'ekf_tf_bringup' build argument 'ament_cmake_args' from command line to 'None'
[1.138s] Level 5:colcon.colcon_core.verb:set package 'ekf_tf_bringup' build argument 'catkin_cmake_args' from command line to 'None'
[1.138s] Level 5:colcon.colcon_core.verb:set package 'ekf_tf_bringup' build argument 'catkin_skip_building_tests' from command line to 'False'
[1.138s] DEBUG:colcon.colcon_core.verb:Building package 'ekf_tf_bringup' with the following arguments: {'ament_cmake_args': None, 'build_base': '/home/heroes/Workspace/ekf_tes/build/ekf_tf_bringup', 'catkin_cmake_args': None, 'catkin_skip_building_tests': False, 'cmake_args': None, 'cmake_clean_cache': False, 'cmake_clean_first': False, 'cmake_force_configure': False, 'cmake_target': None, 'cmake_target_skip_unavailable': False, 'install_base': '/home/heroes/Workspace/ekf_tes/install/ekf_tf_bringup', 'merge_install': False, 'path': '/home/heroes/Workspace/ekf_tes/ekf_tf_bringup', 'symlink_install': False, 'test_result_base': None}
[1.139s] INFO:colcon.colcon_core.executor:Executing jobs using 'parallel' executor
[1.142s] DEBUG:colcon.colcon_parallel_executor.executor.parallel:run_until_complete
[1.142s] INFO:colcon.colcon_ros.task.ament_python.build:Building ROS package in '/home/heroes/Workspace/ekf_tes/ekf_tf_bringup' with build type 'ament_python'
[1.143s] Level 1:colcon.colcon_core.shell:create_environment_hook('ekf_tf_bringup', 'ament_prefix_path')
[1.152s] INFO:colcon.colcon_core.plugin_system:Skipping extension 'colcon_core.shell.bat': Not used on non-Windows systems
[1.152s] INFO:colcon.colcon_core.shell:Creating environment hook '/home/heroes/Workspace/ekf_tes/install/ekf_tf_bringup/share/ekf_tf_bringup/hook/ament_prefix_path.ps1'
[1.155s] INFO:colcon.colcon_core.shell:Creating environment descriptor '/home/heroes/Workspace/ekf_tes/install/ekf_tf_bringup/share/ekf_tf_bringup/hook/ament_prefix_path.dsv'
[1.156s] INFO:colcon.colcon_core.shell:Creating environment hook '/home/heroes/Workspace/ekf_tes/install/ekf_tf_bringup/share/ekf_tf_bringup/hook/ament_prefix_path.sh'
[1.158s] INFO:colcon.colcon_core.shell:Skip shell extension 'powershell' for command environment: Not usable outside of PowerShell
[1.159s] DEBUG:colcon.colcon_core.shell:Skip shell extension 'dsv' for command environment
[1.881s] INFO:colcon.colcon_core.task.python.build:Building Python package in '/home/heroes/Workspace/ekf_tes/ekf_tf_bringup'
[1.882s] INFO:colcon.colcon_core.shell:Skip shell extension 'powershell' for command environment: Not usable outside of PowerShell
[1.882s] DEBUG:colcon.colcon_core.shell:Skip shell extension 'dsv' for command environment
[2.837s] DEBUG:colcon.colcon_core.event_handler.log_command:Invoking command in '/home/heroes/Workspace/ekf_tes/ekf_tf_bringup': PYTHONPATH=/home/heroes/Workspace/ekf_tes/build/ekf_tf_bringup/prefix_override:/usr/lib/python3/dist-packages/colcon_core/task/python/colcon_distutils_commands:/home/heroes/Workspace/ekf_tes/install/ekf_tf_bringup/lib/python3.10/site-packages:${PYTHONPATH} /usr/bin/python3 -W ignore:setup.py install is deprecated -W ignore:easy_install command is deprecated setup.py egg_info --egg-base ../build/ekf_tf_bringup build --build-base /home/heroes/Workspace/ekf_tes/build/ekf_tf_bringup/build install --record /home/heroes/Workspace/ekf_tes/build/ekf_tf_bringup/install.log --single-version-externally-managed install_data
[3.649s] DEBUG:colcon.colcon_core.event_handler.log_command:Invoked command in '/home/heroes/Workspace/ekf_tes/ekf_tf_bringup' returned '0': PYTHONPATH=/home/heroes/Workspace/ekf_tes/build/ekf_tf_bringup/prefix_override:/usr/lib/python3/dist-packages/colcon_core/task/python/colcon_distutils_commands:/home/heroes/Workspace/ekf_tes/install/ekf_tf_bringup/lib/python3.10/site-packages:${PYTHONPATH} /usr/bin/python3 -W ignore:setup.py install is deprecated -W ignore:easy_install command is deprecated setup.py egg_info --egg-base ../build/ekf_tf_bringup build --build-base /home/heroes/Workspace/ekf_tes/build/ekf_tf_bringup/build install --record /home/heroes/Workspace/ekf_tes/build/ekf_tf_bringup/install.log --single-version-externally-managed install_data
[3.661s] Level 1:colcon.colcon_core.environment:checking '/home/heroes/Workspace/ekf_tes/install/ekf_tf_bringup' for CMake module files
[3.663s] Level 1:colcon.colcon_core.environment:checking '/home/heroes/Workspace/ekf_tes/install/ekf_tf_bringup' for CMake config files
[3.666s] Level 1:colcon.colcon_core.environment:checking '/home/heroes/Workspace/ekf_tes/install/ekf_tf_bringup/lib'
[3.667s] Level 1:colcon.colcon_core.environment:checking '/home/heroes/Workspace/ekf_tes/install/ekf_tf_bringup/bin'
[3.667s] Level 1:colcon.colcon_core.environment:checking '/home/heroes/Workspace/ekf_tes/install/ekf_tf_bringup/lib/pkgconfig/ekf_tf_bringup.pc'
[3.668s] Level 1:colcon.colcon_core.environment:checking '/home/heroes/Workspace/ekf_tes/install/ekf_tf_bringup/lib/python3.10/site-packages'
[3.669s] Level 1:colcon.colcon_core.shell:create_environment_hook('ekf_tf_bringup', 'pythonpath')
[3.669s] INFO:colcon.colcon_core.shell:Creating environment hook '/home/heroes/Workspace/ekf_tes/install/ekf_tf_bringup/share/ekf_tf_bringup/hook/pythonpath.ps1'
[3.671s] INFO:colcon.colcon_core.shell:Creating environment descriptor '/home/heroes/Workspace/ekf_tes/install/ekf_tf_bringup/share/ekf_tf_bringup/hook/pythonpath.dsv'
[3.673s] INFO:colcon.colcon_core.shell:Creating environment hook '/home/heroes/Workspace/ekf_tes/install/ekf_tf_bringup/share/ekf_tf_bringup/hook/pythonpath.sh'
[3.675s] Level 1:colcon.colcon_core.environment:checking '/home/heroes/Workspace/ekf_tes/install/ekf_tf_bringup/bin'
[3.676s] Level 1:colcon.colcon_core.environment:create_environment_scripts_only(ekf_tf_bringup)
[3.677s] INFO:colcon.colcon_core.shell:Creating package script '/home/heroes/Workspace/ekf_tes/install/ekf_tf_bringup/share/ekf_tf_bringup/package.ps1'
[3.682s] INFO:colcon.colcon_core.shell:Creating package descriptor '/home/heroes/Workspace/ekf_tes/install/ekf_tf_bringup/share/ekf_tf_bringup/package.dsv'
[3.685s] INFO:colcon.colcon_core.shell:Creating package script '/home/heroes/Workspace/ekf_tes/install/ekf_tf_bringup/share/ekf_tf_bringup/package.sh'
[3.689s] INFO:colcon.colcon_core.shell:Creating package script '/home/heroes/Workspace/ekf_tes/install/ekf_tf_bringup/share/ekf_tf_bringup/package.bash'
[3.693s] INFO:colcon.colcon_core.shell:Creating package script '/home/heroes/Workspace/ekf_tes/install/ekf_tf_bringup/share/ekf_tf_bringup/package.zsh'
[3.697s] Level 1:colcon.colcon_core.environment:create_file_with_runtime_dependencies(/home/heroes/Workspace/ekf_tes/install/ekf_tf_bringup/share/colcon-core/packages/ekf_tf_bringup)
[3.698s] DEBUG:colcon.colcon_parallel_executor.executor.parallel:closing loop
[3.699s] DEBUG:colcon.colcon_parallel_executor.executor.parallel:loop closed
[3.699s] DEBUG:colcon.colcon_parallel_executor.executor.parallel:run_until_complete finished with '0'
[3.700s] DEBUG:colcon.colcon_core.event_reactor:joining thread
[3.727s] INFO:colcon.colcon_core.plugin_system:Skipping extension 'colcon_notification.desktop_notification.terminal_notifier': Not used on non-Darwin systems
[3.727s] INFO:colcon.colcon_core.plugin_system:Skipping extension 'colcon_notification.desktop_notification.win32': Not used on non-Windows systems
[3.727s] INFO:colcon.colcon_notification.desktop_notification:Sending desktop notification using 'notify2'
[3.798s] DEBUG:colcon.colcon_core.event_reactor:joined thread
[3.799s] INFO:colcon.colcon_core.shell:Creating prefix script '/home/heroes/Workspace/ekf_tes/install/local_setup.ps1'
[3.802s] INFO:colcon.colcon_core.shell:Creating prefix util module '/home/heroes/Workspace/ekf_tes/install/_local_setup_util_ps1.py'
[3.807s] INFO:colcon.colcon_core.shell:Creating prefix chain script '/home/heroes/Workspace/ekf_tes/install/setup.ps1'
[3.815s] INFO:colcon.colcon_core.shell:Creating prefix script '/home/heroes/Workspace/ekf_tes/install/local_setup.sh'
[3.817s] INFO:colcon.colcon_core.shell:Creating prefix util module '/home/heroes/Workspace/ekf_tes/install/_local_setup_util_sh.py'
[3.819s] INFO:colcon.colcon_core.shell:Creating prefix chain script '/home/heroes/Workspace/ekf_tes/install/setup.sh'
[3.826s] INFO:colcon.colcon_core.shell:Creating prefix script '/home/heroes/Workspace/ekf_tes/install/local_setup.bash'
[3.827s] INFO:colcon.colcon_core.shell:Creating prefix chain script '/home/heroes/Workspace/ekf_tes/install/setup.bash'
[3.834s] INFO:colcon.colcon_core.shell:Creating prefix script '/home/heroes/Workspace/ekf_tes/install/local_setup.zsh'
[3.836s] INFO:colcon.colcon_core.shell:Creating prefix chain script '/home/heroes/Workspace/ekf_tes/install/setup.zsh'
