/home/fadlan/Documents/EKF_TES/install/ekf_tf_bringup/lib/python3.10/site-packages/ekf_tf_bringup/__init__.py
/home/fadlan/Documents/EKF_TES/install/ekf_tf_bringup/lib/python3.10/site-packages/ekf_tf_bringup/odom_time_relay.py
/home/fadlan/Documents/EKF_TES/install/ekf_tf_bringup/lib/python3.10/site-packages/ekf_tf_bringup/__pycache__/__init__.cpython-310.pyc
/home/fadlan/Documents/EKF_TES/install/ekf_tf_bringup/lib/python3.10/site-packages/ekf_tf_bringup/__pycache__/odom_time_relay.cpython-310.pyc
/home/fadlan/Documents/EKF_TES/install/ekf_tf_bringup/share/ament_index/resource_index/packages/ekf_tf_bringup
/home/fadlan/Documents/EKF_TES/install/ekf_tf_bringup/share/ekf_tf_bringup/package.xml
/home/fadlan/Documents/EKF_TES/install/ekf_tf_bringup/share/ekf_tf_bringup/launch/tf_launch.py
/home/fadlan/Documents/EKF_TES/install/ekf_tf_bringup/share/ekf_tf_bringup/urdf/robot.urdf
/home/fadlan/Documents/EKF_TES/install/ekf_tf_bringup/share/ekf_tf_bringup/config/ekf.yaml
/home/fadlan/Documents/EKF_TES/install/ekf_tf_bringup/share/ekf_tf_bringup/map/TES.yaml
/home/fadlan/Documents/EKF_TES/install/ekf_tf_bringup/share/ekf_tf_bringup/map/nav2_params.yaml
/home/fadlan/Documents/EKF_TES/install/ekf_tf_bringup/share/ekf_tf_bringup/map/nav2_command.txt
/home/fadlan/Documents/EKF_TES/install/ekf_tf_bringup/share/ekf_tf_bringup/map/TES.pgm
/home/fadlan/Documents/EKF_TES/install/ekf_tf_bringup/lib/python3.10/site-packages/ekf_tf_bringup-0.0.0-py3.10.egg-info/zip-safe
/home/fadlan/Documents/EKF_TES/install/ekf_tf_bringup/lib/python3.10/site-packages/ekf_tf_bringup-0.0.0-py3.10.egg-info/requires.txt
/home/fadlan/Documents/EKF_TES/install/ekf_tf_bringup/lib/python3.10/site-packages/ekf_tf_bringup-0.0.0-py3.10.egg-info/dependency_links.txt
/home/fadlan/Documents/EKF_TES/install/ekf_tf_bringup/lib/python3.10/site-packages/ekf_tf_bringup-0.0.0-py3.10.egg-info/top_level.txt
/home/fadlan/Documents/EKF_TES/install/ekf_tf_bringup/lib/python3.10/site-packages/ekf_tf_bringup-0.0.0-py3.10.egg-info/SOURCES.txt
/home/fadlan/Documents/EKF_TES/install/ekf_tf_bringup/lib/python3.10/site-packages/ekf_tf_bringup-0.0.0-py3.10.egg-info/entry_points.txt
/home/fadlan/Documents/EKF_TES/install/ekf_tf_bringup/lib/python3.10/site-packages/ekf_tf_bringup-0.0.0-py3.10.egg-info/PKG-INFO
/home/fadlan/Documents/EKF_TES/install/ekf_tf_bringup/lib/ekf_tf_bringup/odom_time_relay
