running egg_info
writing ../build/ekf_tf_bringup/ekf_tf_bringup.egg-info/PKG-INFO
writing dependency_links to ../build/ekf_tf_bringup/ekf_tf_bringup.egg-info/dependency_links.txt
writing entry points to ../build/ekf_tf_bringup/ekf_tf_bringup.egg-info/entry_points.txt
writing requirements to ../build/ekf_tf_bringup/ekf_tf_bringup.egg-info/requires.txt
writing top-level names to ../build/ekf_tf_bringup/ekf_tf_bringup.egg-info/top_level.txt
reading manifest file '../build/ekf_tf_bringup/ekf_tf_bringup.egg-info/SOURCES.txt'
writing manifest file '../build/ekf_tf_bringup/ekf_tf_bringup.egg-info/SOURCES.txt'
running build
running build_py
copying ekf_tf_bringup/odom_time_relay.py -> /home/fadlan/Documents/EKF_TES/build/ekf_tf_bringup/build/lib/ekf_tf_bringup
running install
running install_lib
copying /home/fadlan/Documents/EKF_TES/build/ekf_tf_bringup/build/lib/ekf_tf_bringup/odom_time_relay.py -> /home/fadlan/Documents/EKF_TES/install/ekf_tf_bringup/lib/python3.10/site-packages/ekf_tf_bringup
byte-compiling /home/fadlan/Documents/EKF_TES/install/ekf_tf_bringup/lib/python3.10/site-packages/ekf_tf_bringup/odom_time_relay.py to odom_time_relay.cpython-310.pyc
running install_data
copying launch/tf_launch.py -> /home/fadlan/Documents/EKF_TES/install/ekf_tf_bringup/share/ekf_tf_bringup/launch
copying config/ekf.yaml -> /home/fadlan/Documents/EKF_TES/install/ekf_tf_bringup/share/ekf_tf_bringup/config
running install_egg_info
removing '/home/fadlan/Documents/EKF_TES/install/ekf_tf_bringup/lib/python3.10/site-packages/ekf_tf_bringup-0.0.0-py3.10.egg-info' (and everything under it)
Copying ../build/ekf_tf_bringup/ekf_tf_bringup.egg-info to /home/fadlan/Documents/EKF_TES/install/ekf_tf_bringup/lib/python3.10/site-packages/ekf_tf_bringup-0.0.0-py3.10.egg-info
running install_scripts
Installing odom_time_relay script to /home/fadlan/Documents/EKF_TES/install/ekf_tf_bringup/lib/ekf_tf_bringup
writing list of installed files to '/home/fadlan/Documents/EKF_TES/build/ekf_tf_bringup/install.log'
