[0.768s] Invoking command in '/home/fadlan/Documents/EKF_TES/ekf_tf_bringup': PYTHONPATH=/home/fadlan/Documents/EKF_TES/build/ekf_tf_bringup/prefix_override:/usr/lib/python3/dist-packages/colcon_core/task/python/colcon_distutils_commands:/home/fadlan/Documents/EKF_TES/install/ekf_tf_bringup/lib/python3.10/site-packages:${PYTHONPATH} /usr/bin/python3 -W ignore:setup.py install is deprecated -W ignore:easy_install command is deprecated setup.py egg_info --egg-base ../build/ekf_tf_bringup build --build-base /home/fadlan/Documents/EKF_TES/build/ekf_tf_bringup/build install --record /home/fadlan/Documents/EKF_TES/build/ekf_tf_bringup/install.log --single-version-externally-managed install_data
[1.058s] running egg_info
[1.058s] writing ../build/ekf_tf_bringup/ekf_tf_bringup.egg-info/PKG-INFO
[1.059s] writing dependency_links to ../build/ekf_tf_bringup/ekf_tf_bringup.egg-info/dependency_links.txt
[1.059s] writing entry points to ../build/ekf_tf_bringup/ekf_tf_bringup.egg-info/entry_points.txt
[1.059s] writing requirements to ../build/ekf_tf_bringup/ekf_tf_bringup.egg-info/requires.txt
[1.059s] writing top-level names to ../build/ekf_tf_bringup/ekf_tf_bringup.egg-info/top_level.txt
[1.061s] reading manifest file '../build/ekf_tf_bringup/ekf_tf_bringup.egg-info/SOURCES.txt'
[1.062s] writing manifest file '../build/ekf_tf_bringup/ekf_tf_bringup.egg-info/SOURCES.txt'
[1.062s] running build
[1.063s] running build_py
[1.063s] running install
[1.063s] running install_lib
[1.064s] running install_data
[1.064s] copying launch/tf_launch.py -> /home/fadlan/Documents/EKF_TES/install/ekf_tf_bringup/share/ekf_tf_bringup/launch
[1.064s] copying map/nav2_params.yaml -> /home/fadlan/Documents/EKF_TES/install/ekf_tf_bringup/share/ekf_tf_bringup/map
[1.064s] running install_egg_info
[1.066s] removing '/home/fadlan/Documents/EKF_TES/install/ekf_tf_bringup/lib/python3.10/site-packages/ekf_tf_bringup-0.0.0-py3.10.egg-info' (and everything under it)
[1.067s] Copying ../build/ekf_tf_bringup/ekf_tf_bringup.egg-info to /home/fadlan/Documents/EKF_TES/install/ekf_tf_bringup/lib/python3.10/site-packages/ekf_tf_bringup-0.0.0-py3.10.egg-info
[1.068s] running install_scripts
[1.091s] writing list of installed files to '/home/fadlan/Documents/EKF_TES/build/ekf_tf_bringup/install.log'
[1.120s] Invoked command in '/home/fadlan/Documents/EKF_TES/ekf_tf_bringup' returned '0': PYTHONPATH=/home/fadlan/Documents/EKF_TES/build/ekf_tf_bringup/prefix_override:/usr/lib/python3/dist-packages/colcon_core/task/python/colcon_distutils_commands:/home/fadlan/Documents/EKF_TES/install/ekf_tf_bringup/lib/python3.10/site-packages:${PYTHONPATH} /usr/bin/python3 -W ignore:setup.py install is deprecated -W ignore:easy_install command is deprecated setup.py egg_info --egg-base ../build/ekf_tf_bringup build --build-base /home/fadlan/Documents/EKF_TES/build/ekf_tf_bringup/build install --record /home/fadlan/Documents/EKF_TES/build/ekf_tf_bringup/install.log --single-version-externally-managed install_data
