[0.289s] DEBUG:colcon:Command line arguments: ['/usr/bin/colcon', 'build']
[0.290s] DEBUG:colcon:Parsed command line arguments: Namespace(log_base=None, log_level=None, verb_name='build', build_base='build', install_base='install', merge_install=False, symlink_install=False, test_result_base=None, continue_on_error=False, executor='parallel', parallel_workers=6, event_handlers=None, ignore_user_meta=False, metas=['./colcon.meta'], base_paths=['.'], packages_ignore=None, packages_ignore_regex=None, paths=None, packages_up_to=None, packages_up_to_regex=None, packages_above=None, packages_above_and_dependencies=None, packages_above_depth=None, packages_select_by_dep=None, packages_skip_by_dep=None, packages_skip_up_to=None, packages_select_build_failed=False, packages_skip_build_finished=False, packages_select_test_failures=False, packages_skip_test_passed=False, packages_select=None, packages_skip=None, packages_select_regex=None, packages_skip_regex=None, packages_start=None, packages_end=None, allow_overriding=[], cmake_args=None, cmake_target=None, cmake_target_skip_unavailable=False, cmake_clean_cache=False, cmake_clean_first=False, cmake_force_configure=False, ament_cmake_args=None, catkin_cmake_args=None, catkin_skip_building_tests=False, mixin_files=None, mixin=None, verb_parser=<colcon_mixin.mixin.mixin_argument.MixinArgumentDecorator object at 0xffff86e4dc60>, verb_extension=<colcon_core.verb.build.BuildVerb object at 0xffff8702eb90>, main=<bound method BuildVerb.main of <colcon_core.verb.build.BuildVerb object at 0xffff8702eb90>>, mixin_verb=('build',))
[0.734s] Level 1:colcon.colcon_core.package_discovery:discover_packages(colcon_meta) check parameters
[0.735s] Level 1:colcon.colcon_core.package_discovery:discover_packages(recursive) check parameters
[0.735s] Level 1:colcon.colcon_core.package_discovery:discover_packages(ignore) check parameters
[0.735s] Level 1:colcon.colcon_core.package_discovery:discover_packages(path) check parameters
[0.735s] Level 1:colcon.colcon_core.package_discovery:discover_packages(colcon_meta) discover
[0.735s] Level 1:colcon.colcon_core.package_discovery:discover_packages(recursive) discover
[0.735s] INFO:colcon.colcon_core.package_discovery:Crawling recursively for packages in '/home/heroes/Workspace/ekf_tes'
[0.735s] Level 1:colcon.colcon_core.package_identification:_identify(.) by extensions ['ignore', 'ignore_ament_install']
[0.736s] Level 1:colcon.colcon_core.package_identification:_identify(.) by extension 'ignore'
[0.736s] Level 1:colcon.colcon_core.package_identification:_identify(.) by extension 'ignore_ament_install'
[0.736s] Level 1:colcon.colcon_core.package_identification:_identify(.) by extensions ['colcon_pkg']
[0.736s] Level 1:colcon.colcon_core.package_identification:_identify(.) by extension 'colcon_pkg'
[0.736s] Level 1:colcon.colcon_core.package_identification:_identify(.) by extensions ['colcon_meta']
[0.736s] Level 1:colcon.colcon_core.package_identification:_identify(.) by extension 'colcon_meta'
[0.736s] Level 1:colcon.colcon_core.package_identification:_identify(.) by extensions ['ros']
[0.737s] Level 1:colcon.colcon_core.package_identification:_identify(.) by extension 'ros'
[0.762s] Level 1:colcon.colcon_core.package_identification:_identify(.) by extensions ['cmake', 'python']
[0.762s] Level 1:colcon.colcon_core.package_identification:_identify(.) by extension 'cmake'
[0.762s] Level 1:colcon.colcon_core.package_identification:_identify(.) by extension 'python'
[0.762s] Level 1:colcon.colcon_core.package_identification:_identify(.) by extensions ['python_setup_py']
[0.762s] Level 1:colcon.colcon_core.package_identification:_identify(.) by extension 'python_setup_py'
[0.763s] Level 1:colcon.colcon_core.package_identification:_identify(build) by extensions ['ignore', 'ignore_ament_install']
[0.763s] Level 1:colcon.colcon_core.package_identification:_identify(build) by extension 'ignore'
[0.763s] Level 1:colcon.colcon_core.package_identification:_identify(build) ignored
[0.763s] Level 1:colcon.colcon_core.package_identification:_identify(ekf_tf_bringup) by extensions ['ignore', 'ignore_ament_install']
[0.764s] Level 1:colcon.colcon_core.package_identification:_identify(ekf_tf_bringup) by extension 'ignore'
[0.764s] Level 1:colcon.colcon_core.package_identification:_identify(ekf_tf_bringup) by extension 'ignore_ament_install'
[0.764s] Level 1:colcon.colcon_core.package_identification:_identify(ekf_tf_bringup) by extensions ['colcon_pkg']
[0.764s] Level 1:colcon.colcon_core.package_identification:_identify(ekf_tf_bringup) by extension 'colcon_pkg'
[0.764s] Level 1:colcon.colcon_core.package_identification:_identify(ekf_tf_bringup) by extensions ['colcon_meta']
[0.764s] Level 1:colcon.colcon_core.package_identification:_identify(ekf_tf_bringup) by extension 'colcon_meta'
[0.764s] Level 1:colcon.colcon_core.package_identification:_identify(ekf_tf_bringup) by extensions ['ros']
[0.764s] Level 1:colcon.colcon_core.package_identification:_identify(ekf_tf_bringup) by extension 'ros'
[0.770s] DEBUG:colcon.colcon_core.package_identification:Package 'ekf_tf_bringup' with type 'ros.ament_python' and name 'ekf_tf_bringup'
[0.770s] Level 1:colcon.colcon_core.package_identification:_identify(install) by extensions ['ignore', 'ignore_ament_install']
[0.770s] Level 1:colcon.colcon_core.package_identification:_identify(install) by extension 'ignore'
[0.770s] Level 1:colcon.colcon_core.package_identification:_identify(install) ignored
[0.771s] Level 1:colcon.colcon_core.package_identification:_identify(log) by extensions ['ignore', 'ignore_ament_install']
[0.771s] Level 1:colcon.colcon_core.package_identification:_identify(log) by extension 'ignore'
[0.771s] Level 1:colcon.colcon_core.package_identification:_identify(log) ignored
[0.771s] Level 1:colcon.colcon_core.package_discovery:discover_packages(recursive) using defaults
[0.771s] Level 1:colcon.colcon_core.package_discovery:discover_packages(ignore) discover
[0.771s] Level 1:colcon.colcon_core.package_discovery:discover_packages(ignore) using defaults
[0.771s] Level 1:colcon.colcon_core.package_discovery:discover_packages(path) discover
[0.771s] Level 1:colcon.colcon_core.package_discovery:discover_packages(path) using defaults
[0.854s] Level 1:colcon.colcon_core.package_discovery:discover_packages(prefix_path) check parameters
[0.855s] Level 1:colcon.colcon_core.package_discovery:discover_packages(prefix_path) discover
[0.863s] DEBUG:colcon.colcon_installed_package_information.package_discovery:Found 1 installed packages in /home/heroes/Workspace/ekf_tes/install
[0.866s] DEBUG:colcon.colcon_installed_package_information.package_discovery:Found 39 installed packages in /home/heroes/microros_ws/install
[0.870s] DEBUG:colcon.colcon_installed_package_information.package_discovery:Found 338 installed packages in /opt/ros/humble
[0.875s] Level 1:colcon.colcon_core.package_discovery:discover_packages(prefix_path) using defaults
[0.981s] Level 5:colcon.colcon_core.verb:set package 'ekf_tf_bringup' build argument 'cmake_args' from command line to 'None'
[0.982s] Level 5:colcon.colcon_core.verb:set package 'ekf_tf_bringup' build argument 'cmake_target' from command line to 'None'
[0.982s] Level 5:colcon.colcon_core.verb:set package 'ekf_tf_bringup' build argument 'cmake_target_skip_unavailable' from command line to 'False'
[0.982s] Level 5:colcon.colcon_core.verb:set package 'ekf_tf_bringup' build argument 'cmake_clean_cache' from command line to 'False'
[0.982s] Level 5:colcon.colcon_core.verb:set package 'ekf_tf_bringup' build argument 'cmake_clean_first' from command line to 'False'
[0.982s] Level 5:colcon.colcon_core.verb:set package 'ekf_tf_bringup' build argument 'cmake_force_configure' from command line to 'False'
[0.982s] Level 5:colcon.colcon_core.verb:set package 'ekf_tf_bringup' build argument 'ament_cmake_args' from command line to 'None'
[0.982s] Level 5:colcon.colcon_core.verb:set package 'ekf_tf_bringup' build argument 'catkin_cmake_args' from command line to 'None'
[0.982s] Level 5:colcon.colcon_core.verb:set package 'ekf_tf_bringup' build argument 'catkin_skip_building_tests' from command line to 'False'
[0.982s] DEBUG:colcon.colcon_core.verb:Building package 'ekf_tf_bringup' with the following arguments: {'ament_cmake_args': None, 'build_base': '/home/heroes/Workspace/ekf_tes/build/ekf_tf_bringup', 'catkin_cmake_args': None, 'catkin_skip_building_tests': False, 'cmake_args': None, 'cmake_clean_cache': False, 'cmake_clean_first': False, 'cmake_force_configure': False, 'cmake_target': None, 'cmake_target_skip_unavailable': False, 'install_base': '/home/heroes/Workspace/ekf_tes/install/ekf_tf_bringup', 'merge_install': False, 'path': '/home/heroes/Workspace/ekf_tes/ekf_tf_bringup', 'symlink_install': False, 'test_result_base': None}
[0.983s] INFO:colcon.colcon_core.executor:Executing jobs using 'parallel' executor
[0.985s] DEBUG:colcon.colcon_parallel_executor.executor.parallel:run_until_complete
[0.986s] INFO:colcon.colcon_ros.task.ament_python.build:Building ROS package in '/home/heroes/Workspace/ekf_tes/ekf_tf_bringup' with build type 'ament_python'
[0.986s] Level 1:colcon.colcon_core.shell:create_environment_hook('ekf_tf_bringup', 'ament_prefix_path')
[0.992s] INFO:colcon.colcon_core.plugin_system:Skipping extension 'colcon_core.shell.bat': Not used on non-Windows systems
[0.992s] INFO:colcon.colcon_core.shell:Creating environment hook '/home/heroes/Workspace/ekf_tes/install/ekf_tf_bringup/share/ekf_tf_bringup/hook/ament_prefix_path.ps1'
[0.994s] INFO:colcon.colcon_core.shell:Creating environment descriptor '/home/heroes/Workspace/ekf_tes/install/ekf_tf_bringup/share/ekf_tf_bringup/hook/ament_prefix_path.dsv'
[0.995s] INFO:colcon.colcon_core.shell:Creating environment hook '/home/heroes/Workspace/ekf_tes/install/ekf_tf_bringup/share/ekf_tf_bringup/hook/ament_prefix_path.sh'
[0.997s] INFO:colcon.colcon_core.shell:Skip shell extension 'powershell' for command environment: Not usable outside of PowerShell
[0.997s] DEBUG:colcon.colcon_core.shell:Skip shell extension 'dsv' for command environment
[1.703s] INFO:colcon.colcon_core.task.python.build:Building Python package in '/home/heroes/Workspace/ekf_tes/ekf_tf_bringup'
[1.704s] INFO:colcon.colcon_core.shell:Skip shell extension 'powershell' for command environment: Not usable outside of PowerShell
[1.704s] DEBUG:colcon.colcon_core.shell:Skip shell extension 'dsv' for command environment
[2.601s] DEBUG:colcon.colcon_core.event_handler.log_command:Invoking command in '/home/heroes/Workspace/ekf_tes/ekf_tf_bringup': PYTHONPATH=/home/heroes/Workspace/ekf_tes/build/ekf_tf_bringup/prefix_override:/usr/lib/python3/dist-packages/colcon_core/task/python/colcon_distutils_commands:/home/heroes/Workspace/ekf_tes/install/ekf_tf_bringup/lib/python3.10/site-packages:${PYTHONPATH} /usr/bin/python3 -W ignore:setup.py install is deprecated -W ignore:easy_install command is deprecated setup.py egg_info --egg-base ../build/ekf_tf_bringup build --build-base /home/heroes/Workspace/ekf_tes/build/ekf_tf_bringup/build install --record /home/heroes/Workspace/ekf_tes/build/ekf_tf_bringup/install.log --single-version-externally-managed install_data
[3.402s] DEBUG:colcon.colcon_core.event_handler.log_command:Invoked command in '/home/heroes/Workspace/ekf_tes/ekf_tf_bringup' returned '0': PYTHONPATH=/home/heroes/Workspace/ekf_tes/build/ekf_tf_bringup/prefix_override:/usr/lib/python3/dist-packages/colcon_core/task/python/colcon_distutils_commands:/home/heroes/Workspace/ekf_tes/install/ekf_tf_bringup/lib/python3.10/site-packages:${PYTHONPATH} /usr/bin/python3 -W ignore:setup.py install is deprecated -W ignore:easy_install command is deprecated setup.py egg_info --egg-base ../build/ekf_tf_bringup build --build-base /home/heroes/Workspace/ekf_tes/build/ekf_tf_bringup/build install --record /home/heroes/Workspace/ekf_tes/build/ekf_tf_bringup/install.log --single-version-externally-managed install_data
[3.413s] Level 1:colcon.colcon_core.environment:checking '/home/heroes/Workspace/ekf_tes/install/ekf_tf_bringup' for CMake module files
[3.414s] Level 1:colcon.colcon_core.environment:checking '/home/heroes/Workspace/ekf_tes/install/ekf_tf_bringup' for CMake config files
[3.417s] Level 1:colcon.colcon_core.environment:checking '/home/heroes/Workspace/ekf_tes/install/ekf_tf_bringup/lib'
[3.418s] Level 1:colcon.colcon_core.environment:checking '/home/heroes/Workspace/ekf_tes/install/ekf_tf_bringup/bin'
[3.418s] Level 1:colcon.colcon_core.environment:checking '/home/heroes/Workspace/ekf_tes/install/ekf_tf_bringup/lib/pkgconfig/ekf_tf_bringup.pc'
[3.419s] Level 1:colcon.colcon_core.environment:checking '/home/heroes/Workspace/ekf_tes/install/ekf_tf_bringup/lib/python3.10/site-packages'
[3.419s] Level 1:colcon.colcon_core.shell:create_environment_hook('ekf_tf_bringup', 'pythonpath')
[3.420s] INFO:colcon.colcon_core.shell:Creating environment hook '/home/heroes/Workspace/ekf_tes/install/ekf_tf_bringup/share/ekf_tf_bringup/hook/pythonpath.ps1'
[3.422s] INFO:colcon.colcon_core.shell:Creating environment descriptor '/home/heroes/Workspace/ekf_tes/install/ekf_tf_bringup/share/ekf_tf_bringup/hook/pythonpath.dsv'
[3.423s] INFO:colcon.colcon_core.shell:Creating environment hook '/home/heroes/Workspace/ekf_tes/install/ekf_tf_bringup/share/ekf_tf_bringup/hook/pythonpath.sh'
[3.426s] Level 1:colcon.colcon_core.environment:checking '/home/heroes/Workspace/ekf_tes/install/ekf_tf_bringup/bin'
[3.426s] Level 1:colcon.colcon_core.environment:create_environment_scripts_only(ekf_tf_bringup)
[3.428s] INFO:colcon.colcon_core.shell:Creating package script '/home/heroes/Workspace/ekf_tes/install/ekf_tf_bringup/share/ekf_tf_bringup/package.ps1'
[3.432s] INFO:colcon.colcon_core.shell:Creating package descriptor '/home/heroes/Workspace/ekf_tes/install/ekf_tf_bringup/share/ekf_tf_bringup/package.dsv'
[3.434s] INFO:colcon.colcon_core.shell:Creating package script '/home/heroes/Workspace/ekf_tes/install/ekf_tf_bringup/share/ekf_tf_bringup/package.sh'
[3.437s] INFO:colcon.colcon_core.shell:Creating package script '/home/heroes/Workspace/ekf_tes/install/ekf_tf_bringup/share/ekf_tf_bringup/package.bash'
[3.440s] INFO:colcon.colcon_core.shell:Creating package script '/home/heroes/Workspace/ekf_tes/install/ekf_tf_bringup/share/ekf_tf_bringup/package.zsh'
[3.443s] Level 1:colcon.colcon_core.environment:create_file_with_runtime_dependencies(/home/heroes/Workspace/ekf_tes/install/ekf_tf_bringup/share/colcon-core/packages/ekf_tf_bringup)
[3.444s] DEBUG:colcon.colcon_parallel_executor.executor.parallel:closing loop
[3.445s] DEBUG:colcon.colcon_parallel_executor.executor.parallel:loop closed
[3.445s] DEBUG:colcon.colcon_parallel_executor.executor.parallel:run_until_complete finished with '0'
[3.446s] DEBUG:colcon.colcon_core.event_reactor:joining thread
[3.465s] INFO:colcon.colcon_core.plugin_system:Skipping extension 'colcon_notification.desktop_notification.terminal_notifier': Not used on non-Darwin systems
[3.465s] INFO:colcon.colcon_core.plugin_system:Skipping extension 'colcon_notification.desktop_notification.win32': Not used on non-Windows systems
[3.465s] INFO:colcon.colcon_notification.desktop_notification:Sending desktop notification using 'notify2'
[3.518s] DEBUG:colcon.colcon_core.event_reactor:joined thread
[3.519s] INFO:colcon.colcon_core.shell:Creating prefix script '/home/heroes/Workspace/ekf_tes/install/local_setup.ps1'
[3.523s] INFO:colcon.colcon_core.shell:Creating prefix util module '/home/heroes/Workspace/ekf_tes/install/_local_setup_util_ps1.py'
[3.528s] INFO:colcon.colcon_core.shell:Creating prefix chain script '/home/heroes/Workspace/ekf_tes/install/setup.ps1'
[3.539s] INFO:colcon.colcon_core.shell:Creating prefix script '/home/heroes/Workspace/ekf_tes/install/local_setup.sh'
[3.541s] INFO:colcon.colcon_core.shell:Creating prefix util module '/home/heroes/Workspace/ekf_tes/install/_local_setup_util_sh.py'
[3.544s] INFO:colcon.colcon_core.shell:Creating prefix chain script '/home/heroes/Workspace/ekf_tes/install/setup.sh'
[3.554s] INFO:colcon.colcon_core.shell:Creating prefix script '/home/heroes/Workspace/ekf_tes/install/local_setup.bash'
[3.556s] INFO:colcon.colcon_core.shell:Creating prefix chain script '/home/heroes/Workspace/ekf_tes/install/setup.bash'
[3.567s] INFO:colcon.colcon_core.shell:Creating prefix script '/home/heroes/Workspace/ekf_tes/install/local_setup.zsh'
[3.568s] INFO:colcon.colcon_core.shell:Creating prefix chain script '/home/heroes/Workspace/ekf_tes/install/setup.zsh'
