[0.000000] (-) TimerEvent: {}
[0.000518] (ekf_tf_bringup) JobQueued: {'identifier': 'ekf_tf_bringup', 'dependencies': OrderedDict()}
[0.000626] (ekf_tf_bringup) JobStarted: {'identifier': 'ekf_tf_bringup'}
[0.099576] (-) TimerEvent: {}
[0.199924] (-) TimerEvent: {}
[0.300227] (-) TimerEvent: {}
[0.400515] (-) TimerEvent: {}
[0.500831] (-) TimerEvent: {}
[0.516267] (ekf_tf_bringup) Command: {'cmd': ['/usr/bin/python3', '-W', 'ignore:setup.py install is deprecated', '-W', 'ignore:easy_install command is deprecated', 'setup.py', 'egg_info', '--egg-base', '../build/ekf_tf_bringup', 'build', '--build-base', '/home/fadlan/Documents/EKF_TES/build/ekf_tf_bringup/build', 'install', '--record', '/home/fadlan/Documents/EKF_TES/build/ekf_tf_bringup/install.log', '--single-version-externally-managed', 'install_data'], 'cwd': '/home/fadlan/Documents/EKF_TES/ekf_tf_bringup', 'env': {'GJS_DEBUG_TOPICS': 'JS ERROR;JS LOG', 'LESSOPEN': '| /usr/bin/lesspipe %s', 'VSCODE_CWD': '/home/fadlan', 'USER': 'fadlan', 'LC_TIME': 'id_ID.UTF-8', 'VSCODE_NLS_CONFIG': '{"userLocale":"en-us","osLocale":"en-us","resolvedLanguage":"en","defaultMessagesFile":"/usr/share/antigravity/resources/app/out/nls.messages.json","locale":"en-us","availableLanguages":{}}', 'XDG_SESSION_TYPE': 'wayland', 'SHLVL': '0', 'LD_LIBRARY_PATH': '/usr/lib/x86_64-linux-gnu/gazebo-11/plugins:/opt/ros/humble/opt/rviz_ogre_vendor/lib:/opt/ros/humble/lib/x86_64-linux-gnu:/opt/ros/humble/lib', 'HOME': '/home/fadlan', 'CHROME_DESKTOP': 'antigravity.desktop', 'DESKTOP_SESSION': 'ubuntu', 'VSCODE_IPC_HOOK': '/run/user/1000/vscode-50b8bfdc-1.10-main.sock', 'GIO_LAUNCHED_DESKTOP_FILE': '/usr/share/applications/antigravity.desktop', 'ROS_PYTHON_VERSION': '3', 'GNOME_SHELL_SESSION_MODE': 'ubuntu', 'GTK_MODULES': 'gail:atk-bridge', 'PAGER': 'cat', 'LC_MONETARY': 'id_ID.UTF-8', 'MANAGERPID': '1624', 'SYSTEMD_EXEC_PID': '1804', 'IM_CONFIG_CHECK_ENV': '1', 'DBUS_SESSION_BUS_ADDRESS': 'unix:path=/run/user/1000/bus', 'ANTIGRAVITY_AGENT': '1', 'GIO_LAUNCHED_DESKTOP_FILE_PID': '4085', 'IM_CONFIG_PHASE': '1', 'WAYLAND_DISPLAY': 'wayland-0', 'COLCON_PREFIX_PATH': '/home/fadlan/ydlidar_ros2_ws/install:/home/fadlan/Vision-Heroes-2026/lidarcuy_ws/ydlidar_ros2_ws/install', 'ROS_DISTRO': 'humble', 'LOGNAME': 'fadlan', '_': '/usr/bin/colcon', 'JOURNAL_STREAM': '8:14839', 'ROS_VERSION': '2', 'XDG_SESSION_CLASS': 'user', 'USERNAME': 'fadlan', 'TERM': 'dumb', 'GNOME_DESKTOP_SESSION_ID': 'this-is-deprecated', 'FC_FONTATIONS': '1', 'ROS_LOCALHOST_ONLY': '0', 'ANTIGRAVITY_EDITOR_APP_ROOT': '/usr/share/antigravity/resources/app', 'PATH': '/home/fadlan/.local/bin:/home/fadlan/ydlidar_ros2_ws/install/ydlidar_sdk/bin:/home/fadlan/.opencode/bin:/opt/ros/humble/bin:/home/fadlan/.local/bin:/usr/local/sbin:/usr/local/bin:/usr/sbin:/usr/bin:/sbin:/bin:/usr/games:/usr/local/games:/snap/bin:/snap/bin', 'SESSION_MANAGER': 'local/fadlan-1701:@/tmp/.ICE-unix/1760,unix/fadlan-1701:/tmp/.ICE-unix/1760', 'INVOCATION_ID': 'd6ccbd4362894fb3a7e24aff53afa5c8', 'XDG_MENU_PREFIX': 'gnome-', 'LC_ADDRESS': 'id_ID.UTF-8', 'GNOME_SETUP_DISPLAY': ':1', 'XDG_RUNTIME_DIR': '/run/user/1000', 'GDK_BACKEND': 'wayland', 'DISPLAY': ':0', 'LANG': 'en_US.UTF-8', 'XDG_CURRENT_DESKTOP': 'ubuntu:GNOME', 'LC_TELEPHONE': 'id_ID.UTF-8', 'XMODIFIERS': '@im=ibus', 'XDG_SESSION_DESKTOP': 'ubuntu', 'XAUTHORITY': '/run/user/1000/.mutter-Xwaylandauth.0B9DP3', 'LS_COLORS': '', 'SSH_AGENT_LAUNCHER': 'gnome-keyring', 'SSH_AUTH_SOCK': '/run/user/1000/keyring/ssh', 'AMENT_PREFIX_PATH': '/opt/ros/humble', 'SHELL': '/bin/bash', 'LC_NAME': 'id_ID.UTF-8', 'QT_ACCESSIBILITY': '1', 'GDMSESSION': 'ubuntu', 'LESSCLOSE': '/usr/bin/lesspipe %s %s', 'LC_MEASUREMENT': 'id_ID.UTF-8', 'GJS_DEBUG_OUTPUT': 'stderr', 'LC_IDENTIFICATION': 'id_ID.UTF-8', 'QT_IM_MODULE': 'ibus', 'ANTIGRAVITY_TRAJECTORY_ID': 'f0ffe434-0f9c-4cb8-81e6-8b1288082b0e', 'PWD': '/home/fadlan/Documents/EKF_TES/build/ekf_tf_bringup', 'LC_ALL': 'en_US.UTF-8', 'XDG_CONFIG_DIRS': '/etc/xdg/xdg-ubuntu:/etc/xdg', 'VSCODE_CODE_CACHE_PATH': '/home/fadlan/.config/Antigravity/CachedData/15487b3041e65228cae24980a3f796c905ef582c', 'XDG_DATA_DIRS': '/usr/share/ubuntu:/usr/local/share/:/usr/share/:/var/lib/snapd/desktop', 'PYTHONPATH': '/home/fadlan/Documents/EKF_TES/build/ekf_tf_bringup/prefix_override:/usr/lib/python3/dist-packages/colcon_core/task/python/colcon_distutils_commands:/home/fadlan/Documents/EKF_TES/install/ekf_tf_bringup/lib/python3.10/site-packages:/opt/ros/humble/lib/python3.10/site-packages:/opt/ros/humble/local/lib/python3.10/dist-packages', 'LC_NUMERIC': 'id_ID.UTF-8', 'LC_PAPER': 'id_ID.UTF-8', 'COLCON': '1', 'CMAKE_PREFIX_PATH': '/home/fadlan/ydlidar_ros2_ws/install/ydlidar_sdk', 'VSCODE_PID': '4085'}, 'shell': False}
[0.600930] (-) TimerEvent: {}
[0.701258] (-) TimerEvent: {}
[0.713835] (ekf_tf_bringup) StdoutLine: {'line': b'running egg_info\n'}
[0.714355] (ekf_tf_bringup) StdoutLine: {'line': b'writing ../build/ekf_tf_bringup/ekf_tf_bringup.egg-info/PKG-INFO\n'}
[0.714540] (ekf_tf_bringup) StdoutLine: {'line': b'writing dependency_links to ../build/ekf_tf_bringup/ekf_tf_bringup.egg-info/dependency_links.txt\n'}
[0.714668] (ekf_tf_bringup) StdoutLine: {'line': b'writing entry points to ../build/ekf_tf_bringup/ekf_tf_bringup.egg-info/entry_points.txt\n'}
[0.714810] (ekf_tf_bringup) StdoutLine: {'line': b'writing requirements to ../build/ekf_tf_bringup/ekf_tf_bringup.egg-info/requires.txt\n'}
[0.714901] (ekf_tf_bringup) StdoutLine: {'line': b'writing top-level names to ../build/ekf_tf_bringup/ekf_tf_bringup.egg-info/top_level.txt\n'}
[0.716130] (ekf_tf_bringup) StdoutLine: {'line': b"reading manifest file '../build/ekf_tf_bringup/ekf_tf_bringup.egg-info/SOURCES.txt'\n"}
[0.716818] (ekf_tf_bringup) StdoutLine: {'line': b"writing manifest file '../build/ekf_tf_bringup/ekf_tf_bringup.egg-info/SOURCES.txt'\n"}
[0.717000] (ekf_tf_bringup) StdoutLine: {'line': b'running build\n'}
[0.717120] (ekf_tf_bringup) StdoutLine: {'line': b'running build_py\n'}
[0.717227] (ekf_tf_bringup) StdoutLine: {'line': b'copying ekf_tf_bringup/odom_time_relay.py -> /home/fadlan/Documents/EKF_TES/build/ekf_tf_bringup/build/lib/ekf_tf_bringup\n'}
[0.717319] (ekf_tf_bringup) StdoutLine: {'line': b'running install\n'}
[0.717428] (ekf_tf_bringup) StdoutLine: {'line': b'running install_lib\n'}
[0.717914] (ekf_tf_bringup) StdoutLine: {'line': b'copying /home/fadlan/Documents/EKF_TES/build/ekf_tf_bringup/build/lib/ekf_tf_bringup/odom_time_relay.py -> /home/fadlan/Documents/EKF_TES/install/ekf_tf_bringup/lib/python3.10/site-packages/ekf_tf_bringup\n'}
[0.718270] (ekf_tf_bringup) StdoutLine: {'line': b'byte-compiling /home/fadlan/Documents/EKF_TES/install/ekf_tf_bringup/lib/python3.10/site-packages/ekf_tf_bringup/odom_time_relay.py to odom_time_relay.cpython-310.pyc\n'}
[0.718602] (ekf_tf_bringup) StdoutLine: {'line': b'running install_data\n'}
[0.718719] (ekf_tf_bringup) StdoutLine: {'line': b'copying launch/tf_launch.py -> /home/fadlan/Documents/EKF_TES/install/ekf_tf_bringup/share/ekf_tf_bringup/launch\n'}
[0.718886] (ekf_tf_bringup) StdoutLine: {'line': b'copying config/ekf.yaml -> /home/fadlan/Documents/EKF_TES/install/ekf_tf_bringup/share/ekf_tf_bringup/config\n'}
[0.719066] (ekf_tf_bringup) StdoutLine: {'line': b'running install_egg_info\n'}
[0.720357] (ekf_tf_bringup) StdoutLine: {'line': b"removing '/home/fadlan/Documents/EKF_TES/install/ekf_tf_bringup/lib/python3.10/site-packages/ekf_tf_bringup-0.0.0-py3.10.egg-info' (and everything under it)\n"}
[0.720666] (ekf_tf_bringup) StdoutLine: {'line': b'Copying ../build/ekf_tf_bringup/ekf_tf_bringup.egg-info to /home/fadlan/Documents/EKF_TES/install/ekf_tf_bringup/lib/python3.10/site-packages/ekf_tf_bringup-0.0.0-py3.10.egg-info\n'}
[0.721420] (ekf_tf_bringup) StdoutLine: {'line': b'running install_scripts\n'}
[0.737241] (ekf_tf_bringup) StdoutLine: {'line': b'Installing odom_time_relay script to /home/fadlan/Documents/EKF_TES/install/ekf_tf_bringup/lib/ekf_tf_bringup\n'}
[0.737587] (ekf_tf_bringup) StdoutLine: {'line': b"writing list of installed files to '/home/fadlan/Documents/EKF_TES/build/ekf_tf_bringup/install.log'\n"}
[0.763124] (ekf_tf_bringup) CommandEnded: {'returncode': 0}
[0.771802] (ekf_tf_bringup) JobEnded: {'identifier': 'ekf_tf_bringup', 'rc': 0}
[0.772443] (-) EventReactorShutdown: {}
