[0.343s] DEBUG:colcon:Command line arguments: ['/usr/bin/colcon', 'build']
[0.344s] DEBUG:colcon:Parsed command line arguments: Namespace(log_base=None, log_level=None, verb_name='build', build_base='build', install_base='install', merge_install=False, symlink_install=False, test_result_base=None, continue_on_error=False, executor='parallel', parallel_workers=6, event_handlers=None, ignore_user_meta=False, metas=['./colcon.meta'], base_paths=['.'], packages_ignore=None, packages_ignore_regex=None, paths=None, packages_up_to=None, packages_up_to_regex=None, packages_above=None, packages_above_and_dependencies=None, packages_above_depth=None, packages_select_by_dep=None, packages_skip_by_dep=None, packages_skip_up_to=None, packages_select_build_failed=False, packages_skip_build_finished=False, packages_select_test_failures=False, packages_skip_test_passed=False, packages_select=None, packages_skip=None, packages_select_regex=None, packages_skip_regex=None, packages_start=None, packages_end=None, allow_overriding=[], cmake_args=None, cmake_target=None, cmake_target_skip_unavailable=False, cmake_clean_cache=False, cmake_clean_first=False, cmake_force_configure=False, ament_cmake_args=None, catkin_cmake_args=None, catkin_skip_building_tests=False, mixin_files=None, mixin=None, verb_parser=<colcon_mixin.mixin.mixin_argument.MixinArgumentDecorator object at 0xffffae671cf0>, verb_extension=<colcon_core.verb.build.BuildVerb object at 0xffffae852c20>, main=<bound method BuildVerb.main of <colcon_core.verb.build.BuildVerb object at 0xffffae852c20>>, mixin_verb=('build',))
[0.874s] Level 1:colcon.colcon_core.package_discovery:discover_packages(colcon_meta) check parameters
[0.874s] Level 1:colcon.colcon_core.package_discovery:discover_packages(recursive) check parameters
[0.874s] Level 1:colcon.colcon_core.package_discovery:discover_packages(ignore) check parameters
[0.874s] Level 1:colcon.colcon_core.package_discovery:discover_packages(path) check parameters
[0.874s] Level 1:colcon.colcon_core.package_discovery:discover_packages(colcon_meta) discover
[0.875s] Level 1:colcon.colcon_core.package_discovery:discover_packages(recursive) discover
[0.875s] INFO:colcon.colcon_core.package_discovery:Crawling recursively for packages in '/home/heroes/Workspace/ekf_tes'
[0.875s] Level 1:colcon.colcon_core.package_identification:_identify(.) by extensions ['ignore', 'ignore_ament_install']
[0.875s] Level 1:colcon.colcon_core.package_identification:_identify(.) by extension 'ignore'
[0.875s] Level 1:colcon.colcon_core.package_identification:_identify(.) by extension 'ignore_ament_install'
[0.875s] Level 1:colcon.colcon_core.package_identification:_identify(.) by extensions ['colcon_pkg']
[0.876s] Level 1:colcon.colcon_core.package_identification:_identify(.) by extension 'colcon_pkg'
[0.876s] Level 1:colcon.colcon_core.package_identification:_identify(.) by extensions ['colcon_meta']
[0.876s] Level 1:colcon.colcon_core.package_identification:_identify(.) by extension 'colcon_meta'
[0.876s] Level 1:colcon.colcon_core.package_identification:_identify(.) by extensions ['ros']
[0.876s] Level 1:colcon.colcon_core.package_identification:_identify(.) by extension 'ros'
[0.902s] Level 1:colcon.colcon_core.package_identification:_identify(.) by extensions ['cmake', 'python']
[0.903s] Level 1:colcon.colcon_core.package_identification:_identify(.) by extension 'cmake'
[0.903s] Level 1:colcon.colcon_core.package_identification:_identify(.) by extension 'python'
[0.903s] Level 1:colcon.colcon_core.package_identification:_identify(.) by extensions ['python_setup_py']
[0.903s] Level 1:colcon.colcon_core.package_identification:_identify(.) by extension 'python_setup_py'
[0.903s] Level 1:colcon.colcon_core.package_identification:_identify(build) by extensions ['ignore', 'ignore_ament_install']
[0.904s] Level 1:colcon.colcon_core.package_identification:_identify(build) by extension 'ignore'
[0.904s] Level 1:colcon.colcon_core.package_identification:_identify(build) ignored
[0.904s] Level 1:colcon.colcon_core.package_identification:_identify(ekf_tf_bringup) by extensions ['ignore', 'ignore_ament_install']
[0.904s] Level 1:colcon.colcon_core.package_identification:_identify(ekf_tf_bringup) by extension 'ignore'
[0.904s] Level 1:colcon.colcon_core.package_identification:_identify(ekf_tf_bringup) by extension 'ignore_ament_install'
[0.905s] Level 1:colcon.colcon_core.package_identification:_identify(ekf_tf_bringup) by extensions ['colcon_pkg']
[0.905s] Level 1:colcon.colcon_core.package_identification:_identify(ekf_tf_bringup) by extension 'colcon_pkg'
[0.905s] Level 1:colcon.colcon_core.package_identification:_identify(ekf_tf_bringup) by extensions ['colcon_meta']
[0.905s] Level 1:colcon.colcon_core.package_identification:_identify(ekf_tf_bringup) by extension 'colcon_meta'
[0.905s] Level 1:colcon.colcon_core.package_identification:_identify(ekf_tf_bringup) by extensions ['ros']
[0.905s] Level 1:colcon.colcon_core.package_identification:_identify(ekf_tf_bringup) by extension 'ros'
[0.911s] DEBUG:colcon.colcon_core.package_identification:Package 'ekf_tf_bringup' with type 'ros.ament_python' and name 'ekf_tf_bringup'
[0.911s] Level 1:colcon.colcon_core.package_identification:_identify(install) by extensions ['ignore', 'ignore_ament_install']
[0.912s] Level 1:colcon.colcon_core.package_identification:_identify(install) by extension 'ignore'
[0.912s] Level 1:colcon.colcon_core.package_identification:_identify(install) ignored
[0.912s] Level 1:colcon.colcon_core.package_identification:_identify(log) by extensions ['ignore', 'ignore_ament_install']
[0.912s] Level 1:colcon.colcon_core.package_identification:_identify(log) by extension 'ignore'
[0.912s] Level 1:colcon.colcon_core.package_identification:_identify(log) ignored
[0.913s] Level 1:colcon.colcon_core.package_discovery:discover_packages(recursive) using defaults
[0.913s] Level 1:colcon.colcon_core.package_discovery:discover_packages(ignore) discover
[0.913s] Level 1:colcon.colcon_core.package_discovery:discover_packages(ignore) using defaults
[0.913s] Level 1:colcon.colcon_core.package_discovery:discover_packages(path) discover
[0.913s] Level 1:colcon.colcon_core.package_discovery:discover_packages(path) using defaults
[1.006s] Level 1:colcon.colcon_core.package_discovery:discover_packages(prefix_path) check parameters
[1.006s] Level 1:colcon.colcon_core.package_discovery:discover_packages(prefix_path) discover
[1.018s] DEBUG:colcon.colcon_installed_package_information.package_discovery:Found 39 installed packages in /home/heroes/microros_ws/install
[1.022s] DEBUG:colcon.colcon_installed_package_information.package_discovery:Found 338 installed packages in /opt/ros/humble
[1.028s] Level 1:colcon.colcon_core.package_discovery:discover_packages(prefix_path) using defaults
[1.160s] Level 5:colcon.colcon_core.verb:set package 'ekf_tf_bringup' build argument 'cmake_args' from command line to 'None'
[1.161s] Level 5:colcon.colcon_core.verb:set package 'ekf_tf_bringup' build argument 'cmake_target' from command line to 'None'
[1.161s] Level 5:colcon.colcon_core.verb:set package 'ekf_tf_bringup' build argument 'cmake_target_skip_unavailable' from command line to 'False'
[1.161s] Level 5:colcon.colcon_core.verb:set package 'ekf_tf_bringup' build argument 'cmake_clean_cache' from command line to 'False'
[1.161s] Level 5:colcon.colcon_core.verb:set package 'ekf_tf_bringup' build argument 'cmake_clean_first' from command line to 'False'
[1.161s] Level 5:colcon.colcon_core.verb:set package 'ekf_tf_bringup' build argument 'cmake_force_configure' from command line to 'False'
[1.161s] Level 5:colcon.colcon_core.verb:set package 'ekf_tf_bringup' build argument 'ament_cmake_args' from command line to 'None'
[1.161s] Level 5:colcon.colcon_core.verb:set package 'ekf_tf_bringup' build argument 'catkin_cmake_args' from command line to 'None'
[1.161s] Level 5:colcon.colcon_core.verb:set package 'ekf_tf_bringup' build argument 'catkin_skip_building_tests' from command line to 'False'
[1.161s] DEBUG:colcon.colcon_core.verb:Building package 'ekf_tf_bringup' with the following arguments: {'ament_cmake_args': None, 'build_base': '/home/heroes/Workspace/ekf_tes/build/ekf_tf_bringup', 'catkin_cmake_args': None, 'catkin_skip_building_tests': False, 'cmake_args': None, 'cmake_clean_cache': False, 'cmake_clean_first': False, 'cmake_force_configure': False, 'cmake_target': None, 'cmake_target_skip_unavailable': False, 'install_base': '/home/heroes/Workspace/ekf_tes/install/ekf_tf_bringup', 'merge_install': False, 'path': '/home/heroes/Workspace/ekf_tes/ekf_tf_bringup', 'symlink_install': False, 'test_result_base': None}
[1.161s] INFO:colcon.colcon_core.executor:Executing jobs using 'parallel' executor
[1.164s] DEBUG:colcon.colcon_parallel_executor.executor.parallel:run_until_complete
[1.164s] INFO:colcon.colcon_ros.task.ament_python.build:Building ROS package in '/home/heroes/Workspace/ekf_tes/ekf_tf_bringup' with build type 'ament_python'
[1.165s] Level 1:colcon.colcon_core.shell:create_environment_hook('ekf_tf_bringup', 'ament_prefix_path')
[1.173s] INFO:colcon.colcon_core.plugin_system:Skipping extension 'colcon_core.shell.bat': Not used on non-Windows systems
[1.174s] INFO:colcon.colcon_core.shell:Creating environment hook '/home/heroes/Workspace/ekf_tes/install/ekf_tf_bringup/share/ekf_tf_bringup/hook/ament_prefix_path.ps1'
[1.176s] INFO:colcon.colcon_core.shell:Creating environment descriptor '/home/heroes/Workspace/ekf_tes/install/ekf_tf_bringup/share/ekf_tf_bringup/hook/ament_prefix_path.dsv'
[1.177s] INFO:colcon.colcon_core.shell:Creating environment hook '/home/heroes/Workspace/ekf_tes/install/ekf_tf_bringup/share/ekf_tf_bringup/hook/ament_prefix_path.sh'
[1.180s] INFO:colcon.colcon_core.shell:Skip shell extension 'powershell' for command environment: Not usable outside of PowerShell
[1.180s] DEBUG:colcon.colcon_core.shell:Skip shell extension 'dsv' for command environment
[1.879s] INFO:colcon.colcon_core.task.python.build:Building Python package in '/home/heroes/Workspace/ekf_tes/ekf_tf_bringup'
[1.880s] INFO:colcon.colcon_core.shell:Skip shell extension 'powershell' for command environment: Not usable outside of PowerShell
[1.880s] DEBUG:colcon.colcon_core.shell:Skip shell extension 'dsv' for command environment
[2.837s] DEBUG:colcon.colcon_core.event_handler.log_command:Invoking command in '/home/heroes/Workspace/ekf_tes/ekf_tf_bringup': PYTHONPATH=/home/heroes/Workspace/ekf_tes/build/ekf_tf_bringup/prefix_override:/usr/lib/python3/dist-packages/colcon_core/task/python/colcon_distutils_commands:/home/heroes/Workspace/ekf_tes/install/ekf_tf_bringup/lib/python3.10/site-packages:${PYTHONPATH} /usr/bin/python3 -W ignore:setup.py install is deprecated -W ignore:easy_install command is deprecated setup.py egg_info --egg-base ../build/ekf_tf_bringup build --build-base /home/heroes/Workspace/ekf_tes/build/ekf_tf_bringup/build install --record /home/heroes/Workspace/ekf_tes/build/ekf_tf_bringup/install.log --single-version-externally-managed install_data
[3.620s] DEBUG:colcon.colcon_core.event_handler.log_command:Invoked command in '/home/heroes/Workspace/ekf_tes/ekf_tf_bringup' returned '0': PYTHONPATH=/home/heroes/Workspace/ekf_tes/build/ekf_tf_bringup/prefix_override:/usr/lib/python3/dist-packages/colcon_core/task/python/colcon_distutils_commands:/home/heroes/Workspace/ekf_tes/install/ekf_tf_bringup/lib/python3.10/site-packages:${PYTHONPATH} /usr/bin/python3 -W ignore:setup.py install is deprecated -W ignore:easy_install command is deprecated setup.py egg_info --egg-base ../build/ekf_tf_bringup build --build-base /home/heroes/Workspace/ekf_tes/build/ekf_tf_bringup/build install --record /home/heroes/Workspace/ekf_tes/build/ekf_tf_bringup/install.log --single-version-externally-managed install_data
[3.632s] Level 1:colcon.colcon_core.environment:checking '/home/heroes/Workspace/ekf_tes/install/ekf_tf_bringup' for CMake module files
[3.633s] Level 1:colcon.colcon_core.environment:checking '/home/heroes/Workspace/ekf_tes/install/ekf_tf_bringup' for CMake config files
[3.635s] Level 1:colcon.colcon_core.environment:checking '/home/heroes/Workspace/ekf_tes/install/ekf_tf_bringup/lib'
[3.635s] Level 1:colcon.colcon_core.environment:checking '/home/heroes/Workspace/ekf_tes/install/ekf_tf_bringup/bin'
[3.635s] Level 1:colcon.colcon_core.environment:checking '/home/heroes/Workspace/ekf_tes/install/ekf_tf_bringup/lib/pkgconfig/ekf_tf_bringup.pc'
[3.636s] Level 1:colcon.colcon_core.environment:checking '/home/heroes/Workspace/ekf_tes/install/ekf_tf_bringup/lib/python3.10/site-packages'
[3.636s] Level 1:colcon.colcon_core.shell:create_environment_hook('ekf_tf_bringup', 'pythonpath')
[3.637s] INFO:colcon.colcon_core.shell:Creating environment hook '/home/heroes/Workspace/ekf_tes/install/ekf_tf_bringup/share/ekf_tf_bringup/hook/pythonpath.ps1'
[3.638s] INFO:colcon.colcon_core.shell:Creating environment descriptor '/home/heroes/Workspace/ekf_tes/install/ekf_tf_bringup/share/ekf_tf_bringup/hook/pythonpath.dsv'
[3.639s] INFO:colcon.colcon_core.shell:Creating environment hook '/home/heroes/Workspace/ekf_tes/install/ekf_tf_bringup/share/ekf_tf_bringup/hook/pythonpath.sh'
[3.642s] Level 1:colcon.colcon_core.environment:checking '/home/heroes/Workspace/ekf_tes/install/ekf_tf_bringup/bin'
[3.642s] Level 1:colcon.colcon_core.environment:create_environment_scripts_only(ekf_tf_bringup)
[3.643s] INFO:colcon.colcon_core.shell:Creating package script '/home/heroes/Workspace/ekf_tes/install/ekf_tf_bringup/share/ekf_tf_bringup/package.ps1'
[3.648s] INFO:colcon.colcon_core.shell:Creating package descriptor '/home/heroes/Workspace/ekf_tes/install/ekf_tf_bringup/share/ekf_tf_bringup/package.dsv'
[3.651s] INFO:colcon.colcon_core.shell:Creating package script '/home/heroes/Workspace/ekf_tes/install/ekf_tf_bringup/share/ekf_tf_bringup/package.sh'
[3.654s] INFO:colcon.colcon_core.shell:Creating package script '/home/heroes/Workspace/ekf_tes/install/ekf_tf_bringup/share/ekf_tf_bringup/package.bash'
[3.657s] INFO:colcon.colcon_core.shell:Creating package script '/home/heroes/Workspace/ekf_tes/install/ekf_tf_bringup/share/ekf_tf_bringup/package.zsh'
[3.661s] Level 1:colcon.colcon_core.environment:create_file_with_runtime_dependencies(/home/heroes/Workspace/ekf_tes/install/ekf_tf_bringup/share/colcon-core/packages/ekf_tf_bringup)
[3.662s] DEBUG:colcon.colcon_parallel_executor.executor.parallel:closing loop
[3.663s] DEBUG:colcon.colcon_parallel_executor.executor.parallel:loop closed
[3.663s] DEBUG:colcon.colcon_parallel_executor.executor.parallel:run_until_complete finished with '0'
[3.663s] DEBUG:colcon.colcon_core.event_reactor:joining thread
[3.691s] INFO:colcon.colcon_core.plugin_system:Skipping extension 'colcon_notification.desktop_notification.terminal_notifier': Not used on non-Darwin systems
[3.691s] INFO:colcon.colcon_core.plugin_system:Skipping extension 'colcon_notification.desktop_notification.win32': Not used on non-Windows systems
[3.692s] INFO:colcon.colcon_notification.desktop_notification:Sending desktop notification using 'notify2'
[3.750s] DEBUG:colcon.colcon_core.event_reactor:joined thread
[3.751s] INFO:colcon.colcon_core.shell:Creating prefix script '/home/heroes/Workspace/ekf_tes/install/local_setup.ps1'
[3.754s] INFO:colcon.colcon_core.shell:Creating prefix util module '/home/heroes/Workspace/ekf_tes/install/_local_setup_util_ps1.py'
[3.759s] INFO:colcon.colcon_core.shell:Creating prefix chain script '/home/heroes/Workspace/ekf_tes/install/setup.ps1'
[3.767s] INFO:colcon.colcon_core.shell:Creating prefix script '/home/heroes/Workspace/ekf_tes/install/local_setup.sh'
[3.769s] INFO:colcon.colcon_core.shell:Creating prefix util module '/home/heroes/Workspace/ekf_tes/install/_local_setup_util_sh.py'
[3.771s] INFO:colcon.colcon_core.shell:Creating prefix chain script '/home/heroes/Workspace/ekf_tes/install/setup.sh'
[3.780s] INFO:colcon.colcon_core.shell:Creating prefix script '/home/heroes/Workspace/ekf_tes/install/local_setup.bash'
[3.781s] INFO:colcon.colcon_core.shell:Creating prefix chain script '/home/heroes/Workspace/ekf_tes/install/setup.bash'
[3.790s] INFO:colcon.colcon_core.shell:Creating prefix script '/home/heroes/Workspace/ekf_tes/install/local_setup.zsh'
[3.792s] INFO:colcon.colcon_core.shell:Creating prefix chain script '/home/heroes/Workspace/ekf_tes/install/setup.zsh'
