[0.000000] (-) TimerEvent: {}
[0.000420] (ekf_tf_bringup) JobQueued: {'identifier': 'ekf_tf_bringup', 'dependencies': OrderedDict()}
[0.000482] (ekf_tf_bringup) JobStarted: {'identifier': 'ekf_tf_bringup'}
[0.099464] (-) TimerEvent: {}
[0.199820] (-) TimerEvent: {}
[0.300137] (-) TimerEvent: {}
[0.400458] (-) TimerEvent: {}
[0.500767] (-) TimerEvent: {}
[0.579530] (ekf_tf_bringup) Command: {'cmd': ['/usr/bin/python3', '-W', 'ignore:setup.py install is deprecated', '-W', 'ignore:easy_install command is deprecated', 'setup.py', 'egg_info', '--egg-base', '../build/ekf_tf_bringup', 'build', '--build-base', '/home/fadlan/Documents/EKF_TES/build/ekf_tf_bringup/build', 'install', '--record', '/home/fadlan/Documents/EKF_TES/build/ekf_tf_bringup/install.log', '--single-version-externally-managed', 'install_data'], 'cwd': '/home/fadlan/Documents/EKF_TES/ekf_tf_bringup', 'env': {'GJS_DEBUG_TOPICS': 'JS ERROR;JS LOG', 'LESSOPEN': '| /usr/bin/lesspipe %s', 'VSCODE_CWD': '/home/fadlan', 'USER': 'fadlan', 'LC_TIME': 'id_ID.UTF-8', 'VSCODE_NLS_CONFIG': '{"userLocale":"en-us","osLocale":"en-us","resolvedLanguage":"en","defaultMessagesFile":"/usr/share/antigravity/resources/app/out/nls.messages.json","locale":"en-us","availableLanguages":{}}', 'XDG_SESSION_TYPE': 'wayland', 'SHLVL': '0', 'LD_LIBRARY_PATH': '/usr/lib/x86_64-linux-gnu/gazebo-11/plugins:/opt/ros/humble/opt/rviz_ogre_vendor/lib:/opt/ros/humble/lib/x86_64-linux-gnu:/opt/ros/humble/lib', 'HOME': '/home/fadlan', 'CHROME_DESKTOP': 'antigravity.desktop', 'DESKTOP_SESSION': 'ubuntu', 'VSCODE_IPC_HOOK': '/run/user/1000/vscode-50b8bfdc-1.10-main.sock', 'GIO_LAUNCHED_DESKTOP_FILE': '/usr/share/applications/antigravity.desktop', 'ROS_PYTHON_VERSION': '3', 'GNOME_SHELL_SESSION_MODE': 'ubuntu', 'GTK_MODULES': 'gail:atk-bridge', 'PAGER': 'cat', 'LC_MONETARY': 'id_ID.UTF-8', 'MANAGERPID': '1842', 'SYSTEMD_EXEC_PID': '2021', 'IM_CONFIG_CHECK_ENV': '1', 'DBUS_SESSION_BUS_ADDRESS': 'unix:path=/run/user/1000/bus', 'ANTIGRAVITY_AGENT': '1', 'GIO_LAUNCHED_DESKTOP_FILE_PID': '2624', 'IM_CONFIG_PHASE': '1', 'WAYLAND_DISPLAY': 'wayland-0', 'COLCON_PREFIX_PATH': '/home/fadlan/ydlidar_ros2_ws/install:/home/fadlan/Vision-Heroes-2026/lidarcuy_ws/ydlidar_ros2_ws/install', 'ROS_DISTRO': 'humble', 'LOGNAME': 'fadlan', '_': '/usr/bin/colcon', 'JOURNAL_STREAM': '8:11044', 'ROS_VERSION': '2', 'XDG_SESSION_CLASS': 'user', 'USERNAME': 'fadlan', 'TERM': 'dumb', 'GNOME_DESKTOP_SESSION_ID': 'this-is-deprecated', 'FC_FONTATIONS': '1', 'ROS_LOCALHOST_ONLY': '0', 'ANTIGRAVITY_EDITOR_APP_ROOT': '/usr/share/antigravity/resources/app', 'PATH': '/home/fadlan/.local/bin:/home/fadlan/ydlidar_ros2_ws/install/ydlidar_sdk/bin:/home/fadlan/.opencode/bin:/opt/ros/humble/bin:/home/fadlan/.local/bin:/usr/local/sbin:/usr/local/bin:/usr/sbin:/usr/bin:/sbin:/bin:/usr/games:/usr/local/games:/snap/bin:/snap/bin', 'SESSION_MANAGER': 'local/fadlan-1701:@/tmp/.ICE-unix/1983,unix/fadlan-1701:/tmp/.ICE-unix/1983', 'INVOCATION_ID': 'ac7b4360ae9849099954875b9218c78e', 'XDG_MENU_PREFIX': 'gnome-', 'LC_ADDRESS': 'id_ID.UTF-8', 'GNOME_SETUP_DISPLAY': ':1', 'XDG_RUNTIME_DIR': '/run/user/1000', 'GDK_BACKEND': 'wayland', 'DISPLAY': ':0', 'LANG': 'en_US.UTF-8', 'XDG_CURRENT_DESKTOP': 'ubuntu:GNOME', 'LC_TELEPHONE': 'id_ID.UTF-8', 'XMODIFIERS': '@im=ibus', 'XDG_SESSION_DESKTOP': 'ubuntu', 'XAUTHORITY': '/run/user/1000/.mutter-Xwaylandauth.46KMP3', 'LS_COLORS': '', 'SSH_AGENT_LAUNCHER': 'gnome-keyring', 'SSH_AUTH_SOCK': '/run/user/1000/keyring/ssh', 'AMENT_PREFIX_PATH': '/opt/ros/humble', 'SHELL': '/bin/bash', 'LC_NAME': 'id_ID.UTF-8', 'QT_ACCESSIBILITY': '1', 'GDMSESSION': 'ubuntu', 'LESSCLOSE': '/usr/bin/lesspipe %s %s', 'LC_MEASUREMENT': 'id_ID.UTF-8', 'GJS_DEBUG_OUTPUT': 'stderr', 'LC_IDENTIFICATION': 'id_ID.UTF-8', 'QT_IM_MODULE': 'ibus', 'ANTIGRAVITY_TRAJECTORY_ID': 'a63933c0-20d6-412d-a52b-5626842dcf14', 'PWD': '/home/fadlan/Documents/EKF_TES/build/ekf_tf_bringup', 'LC_ALL': 'en_US.UTF-8', 'XDG_CONFIG_DIRS': '/etc/xdg/xdg-ubuntu:/etc/xdg', 'VSCODE_CODE_CACHE_PATH': '/home/fadlan/.config/Antigravity/CachedData/15487b3041e65228cae24980a3f796c905ef582c', 'XDG_DATA_DIRS': '/usr/share/ubuntu:/usr/local/share/:/usr/share/:/var/lib/snapd/desktop', 'PYTHONPATH': '/home/fadlan/Documents/EKF_TES/build/ekf_tf_bringup/prefix_override:/usr/lib/python3/dist-packages/colcon_core/task/python/colcon_distutils_commands:/home/fadlan/Documents/EKF_TES/install/ekf_tf_bringup/lib/python3.10/site-packages:/opt/ros/humble/lib/python3.10/site-packages:/opt/ros/humble/local/lib/python3.10/dist-packages', 'LC_NUMERIC': 'id_ID.UTF-8', 'LC_PAPER': 'id_ID.UTF-8', 'COLCON': '1', 'CMAKE_PREFIX_PATH': '/home/fadlan/ydlidar_ros2_ws/install/ydlidar_sdk', 'VSCODE_PID': '2624'}, 'shell': False}
[0.600847] (-) TimerEvent: {}
[0.701175] (-) TimerEvent: {}
[0.770496] (ekf_tf_bringup) StdoutLine: {'line': b'running egg_info\n'}
[0.770975] (ekf_tf_bringup) StdoutLine: {'line': b'creating ../build/ekf_tf_bringup/ekf_tf_bringup.egg-info\n'}
[0.771311] (ekf_tf_bringup) StdoutLine: {'line': b'writing ../build/ekf_tf_bringup/ekf_tf_bringup.egg-info/PKG-INFO\n'}
[0.771470] (ekf_tf_bringup) StdoutLine: {'line': b'writing dependency_links to ../build/ekf_tf_bringup/ekf_tf_bringup.egg-info/dependency_links.txt\n'}
[0.771647] (ekf_tf_bringup) StdoutLine: {'line': b'writing entry points to ../build/ekf_tf_bringup/ekf_tf_bringup.egg-info/entry_points.txt\n'}
[0.771786] (ekf_tf_bringup) StdoutLine: {'line': b'writing requirements to ../build/ekf_tf_bringup/ekf_tf_bringup.egg-info/requires.txt\n'}
[0.771953] (ekf_tf_bringup) StdoutLine: {'line': b'writing top-level names to ../build/ekf_tf_bringup/ekf_tf_bringup.egg-info/top_level.txt\n'}
[0.772083] (ekf_tf_bringup) StdoutLine: {'line': b"writing manifest file '../build/ekf_tf_bringup/ekf_tf_bringup.egg-info/SOURCES.txt'\n"}
[0.772860] (ekf_tf_bringup) StdoutLine: {'line': b"reading manifest file '../build/ekf_tf_bringup/ekf_tf_bringup.egg-info/SOURCES.txt'\n"}
[0.773355] (ekf_tf_bringup) StdoutLine: {'line': b"writing manifest file '../build/ekf_tf_bringup/ekf_tf_bringup.egg-info/SOURCES.txt'\n"}
[0.773451] (ekf_tf_bringup) StdoutLine: {'line': b'running build\n'}
[0.773517] (ekf_tf_bringup) StdoutLine: {'line': b'running build_py\n'}
[0.773651] (ekf_tf_bringup) StdoutLine: {'line': b'creating /home/fadlan/Documents/EKF_TES/build/ekf_tf_bringup/build\n'}
[0.773715] (ekf_tf_bringup) StdoutLine: {'line': b'creating /home/fadlan/Documents/EKF_TES/build/ekf_tf_bringup/build/lib\n'}
[0.773766] (ekf_tf_bringup) StdoutLine: {'line': b'creating /home/fadlan/Documents/EKF_TES/build/ekf_tf_bringup/build/lib/ekf_tf_bringup\n'}
[0.773819] (ekf_tf_bringup) StdoutLine: {'line': b'copying ekf_tf_bringup/__init__.py -> /home/fadlan/Documents/EKF_TES/build/ekf_tf_bringup/build/lib/ekf_tf_bringup\n'}
[0.773883] (ekf_tf_bringup) StdoutLine: {'line': b'running install\n'}
[0.774107] (ekf_tf_bringup) StdoutLine: {'line': b'running install_lib\n'}
[0.774731] (ekf_tf_bringup) StdoutLine: {'line': b'creating /home/fadlan/Documents/EKF_TES/install/ekf_tf_bringup/lib/python3.10/site-packages/ekf_tf_bringup\n'}
[0.774807] (ekf_tf_bringup) StdoutLine: {'line': b'copying /home/fadlan/Documents/EKF_TES/build/ekf_tf_bringup/build/lib/ekf_tf_bringup/__init__.py -> /home/fadlan/Documents/EKF_TES/install/ekf_tf_bringup/lib/python3.10/site-packages/ekf_tf_bringup\n'}
[0.775131] (ekf_tf_bringup) StdoutLine: {'line': b'byte-compiling /home/fadlan/Documents/EKF_TES/install/ekf_tf_bringup/lib/python3.10/site-packages/ekf_tf_bringup/__init__.py to __init__.cpython-310.pyc\n'}
[0.775318] (ekf_tf_bringup) StdoutLine: {'line': b'running install_data\n'}
[0.775422] (ekf_tf_bringup) StdoutLine: {'line': b'creating /home/fadlan/Documents/EKF_TES/install/ekf_tf_bringup/share/ament_index\n'}
[0.775527] (ekf_tf_bringup) StdoutLine: {'line': b'creating /home/fadlan/Documents/EKF_TES/install/ekf_tf_bringup/share/ament_index/resource_index\n'}
[0.775607] (ekf_tf_bringup) StdoutLine: {'line': b'creating /home/fadlan/Documents/EKF_TES/install/ekf_tf_bringup/share/ament_index/resource_index/packages\n'}
[0.775652] (ekf_tf_bringup) StdoutLine: {'line': b'copying resource/ekf_tf_bringup -> /home/fadlan/Documents/EKF_TES/install/ekf_tf_bringup/share/ament_index/resource_index/packages\n'}
[0.775708] (ekf_tf_bringup) StdoutLine: {'line': b'copying package.xml -> /home/fadlan/Documents/EKF_TES/install/ekf_tf_bringup/share/ekf_tf_bringup\n'}
[0.775783] (ekf_tf_bringup) StdoutLine: {'line': b'creating /home/fadlan/Documents/EKF_TES/install/ekf_tf_bringup/share/ekf_tf_bringup/launch\n'}
[0.775860] (ekf_tf_bringup) StdoutLine: {'line': b'copying launch/tf_launch.py -> /home/fadlan/Documents/EKF_TES/install/ekf_tf_bringup/share/ekf_tf_bringup/launch\n'}
[0.775918] (ekf_tf_bringup) StdoutLine: {'line': b'running install_egg_info\n'}
[0.777816] (ekf_tf_bringup) StdoutLine: {'line': b'Copying ../build/ekf_tf_bringup/ekf_tf_bringup.egg-info to /home/fadlan/Documents/EKF_TES/install/ekf_tf_bringup/lib/python3.10/site-packages/ekf_tf_bringup-0.0.0-py3.10.egg-info\n'}
[0.778306] (ekf_tf_bringup) StdoutLine: {'line': b'running install_scripts\n'}
[0.794774] (ekf_tf_bringup) StdoutLine: {'line': b"writing list of installed files to '/home/fadlan/Documents/EKF_TES/build/ekf_tf_bringup/install.log'\n"}
[0.801286] (-) TimerEvent: {}
[0.819758] (ekf_tf_bringup) CommandEnded: {'returncode': 0}
[0.831806] (ekf_tf_bringup) JobEnded: {'identifier': 'ekf_tf_bringup', 'rc': 0}
[0.832528] (-) EventReactorShutdown: {}
