[0.129s] DEBUG:colcon:Command line arguments: ['/usr/bin/colcon', 'build']
[0.129s] DEBUG:colcon:Parsed command line arguments: Namespace(log_base=None, log_level=None, verb_name='build', build_base='build', install_base='install', merge_install=False, symlink_install=False, test_result_base=None, continue_on_error=False, executor='parallel', parallel_workers=12, event_handlers=None, ignore_user_meta=False, metas=['./colcon.meta'], base_paths=['.'], packages_ignore=None, packages_ignore_regex=None, paths=None, packages_up_to=None, packages_up_to_regex=None, packages_above=None, packages_above_and_dependencies=None, packages_above_depth=None, packages_select_by_dep=None, packages_skip_by_dep=None, packages_skip_up_to=None, packages_select_build_failed=False, packages_skip_build_finished=False, packages_select_test_failures=False, packages_skip_test_passed=False, packages_select=None, packages_skip=None, packages_select_regex=None, packages_skip_regex=None, packages_start=None, packages_end=None, allow_overriding=[], cmake_args=None, cmake_target=None, cmake_target_skip_unavailable=False, cmake_clean_cache=False, cmake_clean_first=False, cmake_force_configure=False, ament_cmake_args=None, catkin_cmake_args=None, catkin_skip_building_tests=False, verb_parser=<colcon_defaults.argument_parser.defaults.DefaultArgumentsDecorator object at 0x7dc61f4654e0>, verb_extension=<colcon_core.verb.build.BuildVerb object at 0x7dc61f55ea10>, main=<bound method BuildVerb.main of <colcon_core.verb.build.BuildVerb object at 0x7dc61f55ea10>>)
[0.339s] Level 1:colcon.colcon_core.package_discovery:discover_packages(colcon_meta) check parameters
[0.339s] Level 1:colcon.colcon_core.package_discovery:discover_packages(recursive) check parameters
[0.339s] Level 1:colcon.colcon_core.package_discovery:discover_packages(ignore) check parameters
[0.339s] Level 1:colcon.colcon_core.package_discovery:discover_packages(path) check parameters
[0.339s] Level 1:colcon.colcon_core.package_discovery:discover_packages(colcon_meta) discover
[0.339s] Level 1:colcon.colcon_core.package_discovery:discover_packages(recursive) discover
[0.339s] INFO:colcon.colcon_core.package_discovery:Crawling recursively for packages in '/home/fadlan/Documents/EKF_TES'
[0.339s] Level 1:colcon.colcon_core.package_identification:_identify(.) by extensions ['ignore', 'ignore_ament_install']
[0.339s] Level 1:colcon.colcon_core.package_identification:_identify(.) by extension 'ignore'
[0.340s] Level 1:colcon.colcon_core.package_identification:_identify(.) by extension 'ignore_ament_install'
[0.340s] Level 1:colcon.colcon_core.package_identification:_identify(.) by extensions ['colcon_pkg']
[0.340s] Level 1:colcon.colcon_core.package_identification:_identify(.) by extension 'colcon_pkg'
[0.340s] Level 1:colcon.colcon_core.package_identification:_identify(.) by extensions ['colcon_meta']
[0.340s] Level 1:colcon.colcon_core.package_identification:_identify(.) by extension 'colcon_meta'
[0.340s] Level 1:colcon.colcon_core.package_identification:_identify(.) by extensions ['ros']
[0.340s] Level 1:colcon.colcon_core.package_identification:_identify(.) by extension 'ros'
[0.352s] Level 1:colcon.colcon_core.package_identification:_identify(.) by extensions ['cmake', 'python']
[0.352s] Level 1:colcon.colcon_core.package_identification:_identify(.) by extension 'cmake'
[0.353s] Level 1:colcon.colcon_core.package_identification:_identify(.) by extension 'python'
[0.353s] Level 1:colcon.colcon_core.package_identification:_identify(.) by extensions ['python_setup_py']
[0.353s] Level 1:colcon.colcon_core.package_identification:_identify(.) by extension 'python_setup_py'
[0.353s] Level 1:colcon.colcon_core.package_identification:_identify(build) by extensions ['ignore', 'ignore_ament_install']
[0.353s] Level 1:colcon.colcon_core.package_identification:_identify(build) by extension 'ignore'
[0.353s] Level 1:colcon.colcon_core.package_identification:_identify(build) ignored
[0.353s] Level 1:colcon.colcon_core.package_identification:_identify(ekf_tf_bringup) by extensions ['ignore', 'ignore_ament_install']
[0.353s] Level 1:colcon.colcon_core.package_identification:_identify(ekf_tf_bringup) by extension 'ignore'
[0.354s] Level 1:colcon.colcon_core.package_identification:_identify(ekf_tf_bringup) by extension 'ignore_ament_install'
[0.354s] Level 1:colcon.colcon_core.package_identification:_identify(ekf_tf_bringup) by extensions ['colcon_pkg']
[0.354s] Level 1:colcon.colcon_core.package_identification:_identify(ekf_tf_bringup) by extension 'colcon_pkg'
[0.354s] Level 1:colcon.colcon_core.package_identification:_identify(ekf_tf_bringup) by extensions ['colcon_meta']
[0.354s] Level 1:colcon.colcon_core.package_identification:_identify(ekf_tf_bringup) by extension 'colcon_meta'
[0.354s] Level 1:colcon.colcon_core.package_identification:_identify(ekf_tf_bringup) by extensions ['ros']
[0.354s] Level 1:colcon.colcon_core.package_identification:_identify(ekf_tf_bringup) by extension 'ros'
[0.357s] DEBUG:colcon.colcon_core.package_identification:Package 'ekf_tf_bringup' with type 'ros.ament_python' and name 'ekf_tf_bringup'
[0.357s] Level 1:colcon.colcon_core.package_identification:_identify(install) by extensions ['ignore', 'ignore_ament_install']
[0.357s] Level 1:colcon.colcon_core.package_identification:_identify(install) by extension 'ignore'
[0.357s] Level 1:colcon.colcon_core.package_identification:_identify(install) ignored
[0.357s] Level 1:colcon.colcon_core.package_identification:_identify(log) by extensions ['ignore', 'ignore_ament_install']
[0.357s] Level 1:colcon.colcon_core.package_identification:_identify(log) by extension 'ignore'
[0.357s] Level 1:colcon.colcon_core.package_identification:_identify(log) ignored
[0.357s] Level 1:colcon.colcon_core.package_discovery:discover_packages(recursive) using defaults
[0.357s] Level 1:colcon.colcon_core.package_discovery:discover_packages(ignore) discover
[0.357s] Level 1:colcon.colcon_core.package_discovery:discover_packages(ignore) using defaults
[0.357s] Level 1:colcon.colcon_core.package_discovery:discover_packages(path) discover
[0.357s] Level 1:colcon.colcon_core.package_discovery:discover_packages(path) using defaults
[0.395s] Level 1:colcon.colcon_core.package_discovery:discover_packages(prefix_path) check parameters
[0.395s] Level 1:colcon.colcon_core.package_discovery:discover_packages(prefix_path) discover
[0.397s] DEBUG:colcon.colcon_installed_package_information.package_discovery:Found 1 installed packages in /home/fadlan/Documents/EKF_TES/install
[0.398s] DEBUG:colcon.colcon_installed_package_information.package_discovery:Found 2 installed packages in /home/fadlan/ydlidar_ros2_ws/install
[0.398s] DEBUG:colcon.colcon_installed_package_information.package_discovery:Found 1 installed packages in /home/fadlan/Vision-Heroes-2026/lidarcuy_ws/ydlidar_ros2_ws/install
[0.401s] DEBUG:colcon.colcon_installed_package_information.package_discovery:Found 423 installed packages in /opt/ros/humble
[0.403s] Level 1:colcon.colcon_core.package_discovery:discover_packages(prefix_path) using defaults
[0.462s] Level 5:colcon.colcon_core.verb:set package 'ekf_tf_bringup' build argument 'cmake_args' from command line to 'None'
[0.463s] Level 5:colcon.colcon_core.verb:set package 'ekf_tf_bringup' build argument 'cmake_target' from command line to 'None'
[0.463s] Level 5:colcon.colcon_core.verb:set package 'ekf_tf_bringup' build argument 'cmake_target_skip_unavailable' from command line to 'False'
[0.463s] Level 5:colcon.colcon_core.verb:set package 'ekf_tf_bringup' build argument 'cmake_clean_cache' from command line to 'False'
[0.463s] Level 5:colcon.colcon_core.verb:set package 'ekf_tf_bringup' build argument 'cmake_clean_first' from command line to 'False'
[0.463s] Level 5:colcon.colcon_core.verb:set package 'ekf_tf_bringup' build argument 'cmake_force_configure' from command line to 'False'
[0.463s] Level 5:colcon.colcon_core.verb:set package 'ekf_tf_bringup' build argument 'ament_cmake_args' from command line to 'None'
[0.463s] Level 5:colcon.colcon_core.verb:set package 'ekf_tf_bringup' build argument 'catkin_cmake_args' from command line to 'None'
[0.463s] Level 5:colcon.colcon_core.verb:set package 'ekf_tf_bringup' build argument 'catkin_skip_building_tests' from command line to 'False'
[0.463s] DEBUG:colcon.colcon_core.verb:Building package 'ekf_tf_bringup' with the following arguments: {'ament_cmake_args': None, 'build_base': '/home/fadlan/Documents/EKF_TES/build/ekf_tf_bringup', 'catkin_cmake_args': None, 'catkin_skip_building_tests': False, 'cmake_args': None, 'cmake_clean_cache': False, 'cmake_clean_first': False, 'cmake_force_configure': False, 'cmake_target': None, 'cmake_target_skip_unavailable': False, 'install_base': '/home/fadlan/Documents/EKF_TES/install/ekf_tf_bringup', 'merge_install': False, 'path': '/home/fadlan/Documents/EKF_TES/ekf_tf_bringup', 'symlink_install': False, 'test_result_base': None}
[0.463s] INFO:colcon.colcon_core.executor:Executing jobs using 'parallel' executor
[0.465s] DEBUG:colcon.colcon_parallel_executor.executor.parallel:run_until_complete
[0.465s] INFO:colcon.colcon_ros.task.ament_python.build:Building ROS package in '/home/fadlan/Documents/EKF_TES/ekf_tf_bringup' with build type 'ament_python'
[0.465s] Level 1:colcon.colcon_core.shell:create_environment_hook('ekf_tf_bringup', 'ament_prefix_path')
[0.467s] INFO:colcon.colcon_core.plugin_system:Skipping extension 'colcon_core.shell.bat': Not used on non-Windows systems
[0.468s] INFO:colcon.colcon_core.shell:Creating environment hook '/home/fadlan/Documents/EKF_TES/install/ekf_tf_bringup/share/ekf_tf_bringup/hook/ament_prefix_path.ps1'
[0.468s] INFO:colcon.colcon_core.shell:Creating environment descriptor '/home/fadlan/Documents/EKF_TES/install/ekf_tf_bringup/share/ekf_tf_bringup/hook/ament_prefix_path.dsv'
[0.469s] INFO:colcon.colcon_core.shell:Creating environment hook '/home/fadlan/Documents/EKF_TES/install/ekf_tf_bringup/share/ekf_tf_bringup/hook/ament_prefix_path.sh'
[0.470s] INFO:colcon.colcon_core.shell:Skip shell extension 'powershell' for command environment: Not usable outside of PowerShell
[0.470s] DEBUG:colcon.colcon_core.shell:Skip shell extension 'dsv' for command environment
[0.793s] INFO:colcon.colcon_core.task.python.build:Building Python package in '/home/fadlan/Documents/EKF_TES/ekf_tf_bringup'
[0.794s] INFO:colcon.colcon_core.shell:Skip shell extension 'powershell' for command environment: Not usable outside of PowerShell
[0.794s] DEBUG:colcon.colcon_core.shell:Skip shell extension 'dsv' for command environment
[1.240s] DEBUG:colcon.colcon_core.event_handler.log_command:Invoking command in '/home/fadlan/Documents/EKF_TES/ekf_tf_bringup': PYTHONPATH=/home/fadlan/Documents/EKF_TES/build/ekf_tf_bringup/prefix_override:/usr/lib/python3/dist-packages/colcon_core/task/python/colcon_distutils_commands:/home/fadlan/Documents/EKF_TES/install/ekf_tf_bringup/lib/python3.10/site-packages:${PYTHONPATH} /usr/bin/python3 -W ignore:setup.py install is deprecated -W ignore:easy_install command is deprecated setup.py egg_info --egg-base ../build/ekf_tf_bringup build --build-base /home/fadlan/Documents/EKF_TES/build/ekf_tf_bringup/build install --record /home/fadlan/Documents/EKF_TES/build/ekf_tf_bringup/install.log --single-version-externally-managed install_data
[1.601s] DEBUG:colcon.colcon_core.event_handler.log_command:Invoked command in '/home/fadlan/Documents/EKF_TES/ekf_tf_bringup' returned '0': PYTHONPATH=/home/fadlan/Documents/EKF_TES/build/ekf_tf_bringup/prefix_override:/usr/lib/python3/dist-packages/colcon_core/task/python/colcon_distutils_commands:/home/fadlan/Documents/EKF_TES/install/ekf_tf_bringup/lib/python3.10/site-packages:${PYTHONPATH} /usr/bin/python3 -W ignore:setup.py install is deprecated -W ignore:easy_install command is deprecated setup.py egg_info --egg-base ../build/ekf_tf_bringup build --build-base /home/fadlan/Documents/EKF_TES/build/ekf_tf_bringup/build install --record /home/fadlan/Documents/EKF_TES/build/ekf_tf_bringup/install.log --single-version-externally-managed install_data
[1.604s] Level 1:colcon.colcon_core.environment:checking '/home/fadlan/Documents/EKF_TES/install/ekf_tf_bringup' for CMake module files
[1.604s] Level 1:colcon.colcon_core.environment:checking '/home/fadlan/Documents/EKF_TES/install/ekf_tf_bringup' for CMake config files
[1.605s] Level 1:colcon.colcon_core.environment:checking '/home/fadlan/Documents/EKF_TES/install/ekf_tf_bringup/lib'
[1.605s] Level 1:colcon.colcon_core.environment:checking '/home/fadlan/Documents/EKF_TES/install/ekf_tf_bringup/bin'
[1.605s] Level 1:colcon.colcon_core.environment:checking '/home/fadlan/Documents/EKF_TES/install/ekf_tf_bringup/lib/pkgconfig/ekf_tf_bringup.pc'
[1.606s] Level 1:colcon.colcon_core.environment:checking '/home/fadlan/Documents/EKF_TES/install/ekf_tf_bringup/lib/python3.10/site-packages'
[1.606s] Level 1:colcon.colcon_core.shell:create_environment_hook('ekf_tf_bringup', 'pythonpath')
[1.606s] INFO:colcon.colcon_core.shell:Creating environment hook '/home/fadlan/Documents/EKF_TES/install/ekf_tf_bringup/share/ekf_tf_bringup/hook/pythonpath.ps1'
[1.607s] INFO:colcon.colcon_core.shell:Creating environment descriptor '/home/fadlan/Documents/EKF_TES/install/ekf_tf_bringup/share/ekf_tf_bringup/hook/pythonpath.dsv'
[1.607s] INFO:colcon.colcon_core.shell:Creating environment hook '/home/fadlan/Documents/EKF_TES/install/ekf_tf_bringup/share/ekf_tf_bringup/hook/pythonpath.sh'
[1.608s] Level 1:colcon.colcon_core.environment:checking '/home/fadlan/Documents/EKF_TES/install/ekf_tf_bringup/bin'
[1.608s] Level 1:colcon.colcon_core.environment:create_environment_scripts_only(ekf_tf_bringup)
[1.608s] INFO:colcon.colcon_core.shell:Creating package script '/home/fadlan/Documents/EKF_TES/install/ekf_tf_bringup/share/ekf_tf_bringup/package.ps1'
[1.609s] INFO:colcon.colcon_core.shell:Creating package descriptor '/home/fadlan/Documents/EKF_TES/install/ekf_tf_bringup/share/ekf_tf_bringup/package.dsv'
[1.610s] INFO:colcon.colcon_core.shell:Creating package script '/home/fadlan/Documents/EKF_TES/install/ekf_tf_bringup/share/ekf_tf_bringup/package.sh'
[1.611s] INFO:colcon.colcon_core.shell:Creating package script '/home/fadlan/Documents/EKF_TES/install/ekf_tf_bringup/share/ekf_tf_bringup/package.bash'
[1.612s] INFO:colcon.colcon_core.shell:Creating package script '/home/fadlan/Documents/EKF_TES/install/ekf_tf_bringup/share/ekf_tf_bringup/package.zsh'
[1.613s] Level 1:colcon.colcon_core.environment:create_file_with_runtime_dependencies(/home/fadlan/Documents/EKF_TES/install/ekf_tf_bringup/share/colcon-core/packages/ekf_tf_bringup)
[1.613s] DEBUG:colcon.colcon_parallel_executor.executor.parallel:closing loop
[1.614s] DEBUG:colcon.colcon_parallel_executor.executor.parallel:loop closed
[1.614s] DEBUG:colcon.colcon_parallel_executor.executor.parallel:run_until_complete finished with '0'
[1.614s] DEBUG:colcon.colcon_core.event_reactor:joining thread
[1.620s] INFO:colcon.colcon_core.plugin_system:Skipping extension 'colcon_notification.desktop_notification.terminal_notifier': Not used on non-Darwin systems
[1.620s] INFO:colcon.colcon_core.plugin_system:Skipping extension 'colcon_notification.desktop_notification.win32': Not used on non-Windows systems
[1.620s] INFO:colcon.colcon_notification.desktop_notification:Sending desktop notification using 'notify2'
[1.635s] DEBUG:colcon.colcon_core.event_reactor:joined thread
[1.636s] INFO:colcon.colcon_core.shell:Creating prefix script '/home/fadlan/Documents/EKF_TES/install/local_setup.ps1'
[1.637s] INFO:colcon.colcon_core.shell:Creating prefix util module '/home/fadlan/Documents/EKF_TES/install/_local_setup_util_ps1.py'
[1.638s] INFO:colcon.colcon_core.shell:Creating prefix chain script '/home/fadlan/Documents/EKF_TES/install/setup.ps1'
[1.640s] INFO:colcon.colcon_core.shell:Creating prefix script '/home/fadlan/Documents/EKF_TES/install/local_setup.sh'
[1.640s] INFO:colcon.colcon_core.shell:Creating prefix util module '/home/fadlan/Documents/EKF_TES/install/_local_setup_util_sh.py'
[1.641s] INFO:colcon.colcon_core.shell:Creating prefix chain script '/home/fadlan/Documents/EKF_TES/install/setup.sh'
[1.642s] INFO:colcon.colcon_core.shell:Creating prefix script '/home/fadlan/Documents/EKF_TES/install/local_setup.bash'
[1.643s] INFO:colcon.colcon_core.shell:Creating prefix chain script '/home/fadlan/Documents/EKF_TES/install/setup.bash'
[1.644s] INFO:colcon.colcon_core.shell:Creating prefix script '/home/fadlan/Documents/EKF_TES/install/local_setup.zsh'
[1.644s] INFO:colcon.colcon_core.shell:Creating prefix chain script '/home/fadlan/Documents/EKF_TES/install/setup.zsh'
