[1.593s] Invoking command in '/home/heroes/Workspace/ekf_tes/ekf_tf_bringup': PYTHONPATH=/home/heroes/Workspace/ekf_tes/build/ekf_tf_bringup/prefix_override:/usr/lib/python3/dist-packages/colcon_core/task/python/colcon_distutils_commands:/home/heroes/Workspace/ekf_tes/install/ekf_tf_bringup/lib/python3.10/site-packages:${PYTHONPATH} /usr/bin/python3 -W ignore:setup.py install is deprecated -W ignore:easy_install command is deprecated setup.py egg_info --egg-base ../build/ekf_tf_bringup build --build-base /home/heroes/Workspace/ekf_tes/build/ekf_tf_bringup/build install --record /home/heroes/Workspace/ekf_tes/build/ekf_tf_bringup/install.log --single-version-externally-managed install_data
[2.228s] running egg_info
[2.230s] writing ../build/ekf_tf_bringup/ekf_tf_bringup.egg-info/PKG-INFO
[2.230s] writing dependency_links to ../build/ekf_tf_bringup/ekf_tf_bringup.egg-info/dependency_links.txt
[2.230s] writing entry points to ../build/ekf_tf_bringup/ekf_tf_bringup.egg-info/entry_points.txt
[2.231s] writing requirements to ../build/ekf_tf_bringup/ekf_tf_bringup.egg-info/requires.txt
[2.231s] writing top-level names to ../build/ekf_tf_bringup/ekf_tf_bringup.egg-info/top_level.txt
[2.235s] reading manifest file '../build/ekf_tf_bringup/ekf_tf_bringup.egg-info/SOURCES.txt'
[2.237s] writing manifest file '../build/ekf_tf_bringup/ekf_tf_bringup.egg-info/SOURCES.txt'
[2.237s] running build
[2.237s] running build_py
[2.238s] running install
[2.239s] running install_lib
[2.242s] running install_data
[2.243s] copying map/TES.yaml -> /home/heroes/Workspace/ekf_tes/install/ekf_tf_bringup/share/ekf_tf_bringup/map
[2.243s] running install_egg_info
[2.248s] removing '/home/heroes/Workspace/ekf_tes/install/ekf_tf_bringup/lib/python3.10/site-packages/ekf_tf_bringup-0.0.0-py3.10.egg-info' (and everything under it)
[2.248s] Copying ../build/ekf_tf_bringup/ekf_tf_bringup.egg-info to /home/heroes/Workspace/ekf_tes/install/ekf_tf_bringup/lib/python3.10/site-packages/ekf_tf_bringup-0.0.0-py3.10.egg-info
[2.251s] running install_scripts
[2.300s] writing list of installed files to '/home/heroes/Workspace/ekf_tes/build/ekf_tf_bringup/install.log'
[2.372s] Invoked command in '/home/heroes/Workspace/ekf_tes/ekf_tf_bringup' returned '0': PYTHONPATH=/home/heroes/Workspace/ekf_tes/build/ekf_tf_bringup/prefix_override:/usr/lib/python3/dist-packages/colcon_core/task/python/colcon_distutils_commands:/home/heroes/Workspace/ekf_tes/install/ekf_tf_bringup/lib/python3.10/site-packages:${PYTHONPATH} /usr/bin/python3 -W ignore:setup.py install is deprecated -W ignore:easy_install command is deprecated setup.py egg_info --egg-base ../build/ekf_tf_bringup build --build-base /home/heroes/Workspace/ekf_tes/build/ekf_tf_bringup/build install --record /home/heroes/Workspace/ekf_tes/build/ekf_tf_bringup/install.log --single-version-externally-managed install_data
