running egg_info
creating ../build/ekf_tf_bringup/ekf_tf_bringup.egg-info
writing ../build/ekf_tf_bringup/ekf_tf_bringup.egg-info/PKG-INFO
writing dependency_links to ../build/ekf_tf_bringup/ekf_tf_bringup.egg-info/dependency_links.txt
writing entry points to ../build/ekf_tf_bringup/ekf_tf_bringup.egg-info/entry_points.txt
writing requirements to ../build/ekf_tf_bringup/ekf_tf_bringup.egg-info/requires.txt
writing top-level names to ../build/ekf_tf_bringup/ekf_tf_bringup.egg-info/top_level.txt
writing manifest file '../build/ekf_tf_bringup/ekf_tf_bringup.egg-info/SOURCES.txt'
reading manifest file '../build/ekf_tf_bringup/ekf_tf_bringup.egg-info/SOURCES.txt'
writing manifest file '../build/ekf_tf_bringup/ekf_tf_bringup.egg-info/SOURCES.txt'
running build
running build_py
creating /home/heroes/Workspace/ekf_tes/build/ekf_tf_bringup/build
creating /home/heroes/Workspace/ekf_tes/build/ekf_tf_bringup/build/lib
creating /home/heroes/Workspace/ekf_tes/build/ekf_tf_bringup/build/lib/ekf_tf_bringup
copying ekf_tf_bringup/__init__.py -> /home/heroes/Workspace/ekf_tes/build/ekf_tf_bringup/build/lib/ekf_tf_bringup
running install
running install_lib
creating /home/heroes/Workspace/ekf_tes/install/ekf_tf_bringup/lib/python3.10/site-packages/ekf_tf_bringup
copying /home/heroes/Workspace/ekf_tes/build/ekf_tf_bringup/build/lib/ekf_tf_bringup/__init__.py -> /home/heroes/Workspace/ekf_tes/install/ekf_tf_bringup/lib/python3.10/site-packages/ekf_tf_bringup
byte-compiling /home/heroes/Workspace/ekf_tes/install/ekf_tf_bringup/lib/python3.10/site-packages/ekf_tf_bringup/__init__.py to __init__.cpython-310.pyc
running install_data
creating /home/heroes/Workspace/ekf_tes/install/ekf_tf_bringup/share/ament_index
creating /home/heroes/Workspace/ekf_tes/install/ekf_tf_bringup/share/ament_index/resource_index
creating /home/heroes/Workspace/ekf_tes/install/ekf_tf_bringup/share/ament_index/resource_index/packages
copying resource/ekf_tf_bringup -> /home/heroes/Workspace/ekf_tes/install/ekf_tf_bringup/share/ament_index/resource_index/packages
copying package.xml -> /home/heroes/Workspace/ekf_tes/install/ekf_tf_bringup/share/ekf_tf_bringup
creating /home/heroes/Workspace/ekf_tes/install/ekf_tf_bringup/share/ekf_tf_bringup/launch
copying launch/tf_launch.py -> /home/heroes/Workspace/ekf_tes/install/ekf_tf_bringup/share/ekf_tf_bringup/launch
creating /home/heroes/Workspace/ekf_tes/install/ekf_tf_bringup/share/ekf_tf_bringup/urdf
copying urdf/robot.urdf -> /home/heroes/Workspace/ekf_tes/install/ekf_tf_bringup/share/ekf_tf_bringup/urdf
creating /home/heroes/Workspace/ekf_tes/install/ekf_tf_bringup/share/ekf_tf_bringup/config
copying config/ekf.yaml -> /home/heroes/Workspace/ekf_tes/install/ekf_tf_bringup/share/ekf_tf_bringup/config
creating /home/heroes/Workspace/ekf_tes/install/ekf_tf_bringup/share/ekf_tf_bringup/map
copying map/TES.yaml -> /home/heroes/Workspace/ekf_tes/install/ekf_tf_bringup/share/ekf_tf_bringup/map
copying map/nav2_params.yaml -> /home/heroes/Workspace/ekf_tes/install/ekf_tf_bringup/share/ekf_tf_bringup/map
copying map/TES.pgm -> /home/heroes/Workspace/ekf_tes/install/ekf_tf_bringup/share/ekf_tf_bringup/map
copying map/nav2_command.txt -> /home/heroes/Workspace/ekf_tes/install/ekf_tf_bringup/share/ekf_tf_bringup/map
running install_egg_info
Copying ../build/ekf_tf_bringup/ekf_tf_bringup.egg-info to /home/heroes/Workspace/ekf_tes/install/ekf_tf_bringup/lib/python3.10/site-packages/ekf_tf_bringup-0.0.0-py3.10.egg-info
running install_scripts
writing list of installed files to '/home/heroes/Workspace/ekf_tes/build/ekf_tf_bringup/install.log'
