[0.582s] Invoking command in '/home/fadlan/Documents/EKF_TES/ekf_tf_bringup': PYTHONPATH=/home/fadlan/Documents/EKF_TES/build/ekf_tf_bringup/prefix_override:/usr/lib/python3/dist-packages/colcon_core/task/python/colcon_distutils_commands:/home/fadlan/Documents/EKF_TES/install/ekf_tf_bringup/lib/python3.10/site-packages:${PYTHONPATH} /usr/bin/python3 -W ignore:setup.py install is deprecated -W ignore:easy_install command is deprecated setup.py egg_info --egg-base ../build/ekf_tf_bringup build --build-base /home/fadlan/Documents/EKF_TES/build/ekf_tf_bringup/build install --record /home/fadlan/Documents/EKF_TES/build/ekf_tf_bringup/install.log --single-version-externally-managed install_data
[0.770s] running egg_info
[0.771s] creating ../build/ekf_tf_bringup/ekf_tf_bringup.egg-info
[0.771s] writing ../build/ekf_tf_bringup/ekf_tf_bringup.egg-info/PKG-INFO
[0.771s] writing dependency_links to ../build/ekf_tf_bringup/ekf_tf_bringup.egg-info/dependency_links.txt
[0.771s] writing entry points to ../build/ekf_tf_bringup/ekf_tf_bringup.egg-info/entry_points.txt
[0.771s] writing requirements to ../build/ekf_tf_bringup/ekf_tf_bringup.egg-info/requires.txt
[0.772s] writing top-level names to ../build/ekf_tf_bringup/ekf_tf_bringup.egg-info/top_level.txt
[0.772s] writing manifest file '../build/ekf_tf_bringup/ekf_tf_bringup.egg-info/SOURCES.txt'
[0.772s] reading manifest file '../build/ekf_tf_bringup/ekf_tf_bringup.egg-info/SOURCES.txt'
[0.773s] writing manifest file '../build/ekf_tf_bringup/ekf_tf_bringup.egg-info/SOURCES.txt'
[0.773s] running build
[0.773s] running build_py
[0.773s] creating /home/fadlan/Documents/EKF_TES/build/ekf_tf_bringup/build
[0.773s] creating /home/fadlan/Documents/EKF_TES/build/ekf_tf_bringup/build/lib
[0.773s] creating /home/fadlan/Documents/EKF_TES/build/ekf_tf_bringup/build/lib/ekf_tf_bringup
[0.773s] copying ekf_tf_bringup/__init__.py -> /home/fadlan/Documents/EKF_TES/build/ekf_tf_bringup/build/lib/ekf_tf_bringup
[0.773s] running install
[0.774s] running install_lib
[0.774s] creating /home/fadlan/Documents/EKF_TES/install/ekf_tf_bringup/lib/python3.10/site-packages/ekf_tf_bringup
[0.774s] copying /home/fadlan/Documents/EKF_TES/build/ekf_tf_bringup/build/lib/ekf_tf_bringup/__init__.py -> /home/fadlan/Documents/EKF_TES/install/ekf_tf_bringup/lib/python3.10/site-packages/ekf_tf_bringup
[0.775s] byte-compiling /home/fadlan/Documents/EKF_TES/install/ekf_tf_bringup/lib/python3.10/site-packages/ekf_tf_bringup/__init__.py to __init__.cpython-310.pyc
[0.775s] running install_data
[0.775s] creating /home/fadlan/Documents/EKF_TES/install/ekf_tf_bringup/share/ament_index
[0.775s] creating /home/fadlan/Documents/EKF_TES/install/ekf_tf_bringup/share/ament_index/resource_index
[0.775s] creating /home/fadlan/Documents/EKF_TES/install/ekf_tf_bringup/share/ament_index/resource_index/packages
[0.775s] copying resource/ekf_tf_bringup -> /home/fadlan/Documents/EKF_TES/install/ekf_tf_bringup/share/ament_index/resource_index/packages
[0.775s] copying package.xml -> /home/fadlan/Documents/EKF_TES/install/ekf_tf_bringup/share/ekf_tf_bringup
[0.775s] creating /home/fadlan/Documents/EKF_TES/install/ekf_tf_bringup/share/ekf_tf_bringup/launch
[0.775s] copying launch/tf_launch.py -> /home/fadlan/Documents/EKF_TES/install/ekf_tf_bringup/share/ekf_tf_bringup/launch
[0.775s] running install_egg_info
[0.777s] Copying ../build/ekf_tf_bringup/ekf_tf_bringup.egg-info to /home/fadlan/Documents/EKF_TES/install/ekf_tf_bringup/lib/python3.10/site-packages/ekf_tf_bringup-0.0.0-py3.10.egg-info
[0.778s] running install_scripts
[0.794s] writing list of installed files to '/home/fadlan/Documents/EKF_TES/build/ekf_tf_bringup/install.log'
[0.819s] Invoked command in '/home/fadlan/Documents/EKF_TES/ekf_tf_bringup' returned '0': PYTHONPATH=/home/fadlan/Documents/EKF_TES/build/ekf_tf_bringup/prefix_override:/usr/lib/python3/dist-packages/colcon_core/task/python/colcon_distutils_commands:/home/fadlan/Documents/EKF_TES/install/ekf_tf_bringup/lib/python3.10/site-packages:${PYTHONPATH} /usr/bin/python3 -W ignore:setup.py install is deprecated -W ignore:easy_install command is deprecated setup.py egg_info --egg-base ../build/ekf_tf_bringup build --build-base /home/fadlan/Documents/EKF_TES/build/ekf_tf_bringup/build install --record /home/fadlan/Documents/EKF_TES/build/ekf_tf_bringup/install.log --single-version-externally-managed install_data
